

Microchip MPLAB XC8 Assembler V2.20 build 20200408173844 
                                                                                               Tue Jan 26 00:12:31 2021

Microchip MPLAB XC8 C Compiler v2.20 (Free license) build 20200408173844 Og1 
     1                           	processor	16F887
     2                           	pagewidth 120
     3                           	opt	flic
     4                           	psect	cinit,global,class=CODE,merge=1,delta=2
     5                           	psect	bssCOMMON,global,class=COMMON,space=1,delta=1,noexec
     6                           	psect	cstackCOMMON,global,class=COMMON,space=1,delta=1,noexec
     7                           	psect	maintext,global,class=CODE,split=1,delta=2
     8                           	psect	text1,local,class=CODE,merge=1,delta=2
     9                           	psect	text2,local,class=CODE,merge=1,delta=2
    10                           	psect	text3,local,class=CODE,merge=1,delta=2
    11                           	psect	text4,local,class=CODE,merge=1,delta=2
    12                           	psect	config,global,abs,ovrld,class=CONFIG,space=4,delta=2,noexec
    13                           	dabs	1,0x7E,2
    14  0000                     
    15                           ; Version 2.20
    16                           ; Generated 09/04/2020 GMT
    17                           ; 
    18                           ; Copyright © 2020, Microchip Technology Inc. and its subsidiaries ("Microchip")
    19                           ; All rights reserved.
    20                           ; 
    21                           ; This software is developed by Microchip Technology Inc. and its subsidiaries ("Microch
      +                          ip").
    22                           ; 
    23                           ; Redistribution and use in source and binary forms, with or without modification, are
    24                           ; permitted provided that the following conditions are met:
    25                           ; 
    26                           ;     1. Redistributions of source code must retain the above copyright notice, this lis
      +                          t of
    27                           ;        conditions and the following disclaimer.
    28                           ; 
    29                           ;     2. Redistributions in binary form must reproduce the above copyright notice, this 
      +                          list
    30                           ;        of conditions and the following disclaimer in the documentation and/or other
    31                           ;        materials provided with the distribution.
    32                           ; 
    33                           ;     3. Microchip's name may not be used to endorse or promote products derived from th
      +                          is
    34                           ;        software without specific prior written permission.
    35                           ; 
    36                           ; THIS SOFTWARE IS PROVIDED BY MICROCHIP "AS IS" AND ANY EXPRESS OR IMPLIED WARRANTIES,
    37                           ; INCLUDING, BUT NOT LIMITED TO, THE IMPLIED WARRANTIES OF MERCHANTABILITY AND FITNESS F
      +                          OR
    38                           ; PURPOSE ARE DISCLAIMED.  IN NO EVENT SHALL MICROCHIP BE LIABLE FOR ANY DIRECT, INDIREC
      +                          T,
    39                           ; INCIDENTAL, SPECIAL, EXEMPLARY, OR CONSEQUENTIAL DAMAGES (INCLUDING BUT NOT LIMITED TO
    40                           ; PROCUREMENT OF SUBSTITUTE GOODS OR SERVICES; LOSS OF USE, DATA OR PROFITS; OR BUSINESS
    41                           ; INTERRUPTION) HOWSOEVER CAUSED AND ON ANY THEORY OF LIABILITY, WHETHER IN CONTRACT, ST
      +                          RICT
    42                           ; LIABILITY, OR TORT (INCLUDING NEGLIGENCE OR OTHERWISE) ARISING IN ANY WAY OUT OF THE U
      +                          SE OF
    43                           ; THIS SOFTWARE, EVEN IF ADVISED OF THE POSSIBILITY OF SUCH DAMAGE.
    44                           ; 
    45                           ; 
    46                           ; Code-generator required, PIC16F887 Definitions
    47                           ; 
    48                           ; SFR Addresses
    49  0000                     	;# 
    50  0001                     	;# 
    51  0002                     	;# 
    52  0003                     	;# 
    53  0004                     	;# 
    54  0005                     	;# 
    55  0006                     	;# 
    56  0007                     	;# 
    57  0008                     	;# 
    58  0009                     	;# 
    59  000A                     	;# 
    60  000B                     	;# 
    61  000C                     	;# 
    62  000D                     	;# 
    63  000E                     	;# 
    64  000E                     	;# 
    65  000F                     	;# 
    66  0010                     	;# 
    67  0011                     	;# 
    68  0012                     	;# 
    69  0013                     	;# 
    70  0014                     	;# 
    71  0015                     	;# 
    72  0015                     	;# 
    73  0016                     	;# 
    74  0017                     	;# 
    75  0018                     	;# 
    76  0019                     	;# 
    77  001A                     	;# 
    78  001B                     	;# 
    79  001B                     	;# 
    80  001C                     	;# 
    81  001D                     	;# 
    82  001E                     	;# 
    83  001F                     	;# 
    84  0081                     	;# 
    85  0085                     	;# 
    86  0086                     	;# 
    87  0087                     	;# 
    88  0088                     	;# 
    89  0089                     	;# 
    90  008C                     	;# 
    91  008D                     	;# 
    92  008E                     	;# 
    93  008F                     	;# 
    94  0090                     	;# 
    95  0091                     	;# 
    96  0092                     	;# 
    97  0093                     	;# 
    98  0093                     	;# 
    99  0093                     	;# 
   100  0094                     	;# 
   101  0095                     	;# 
   102  0096                     	;# 
   103  0097                     	;# 
   104  0098                     	;# 
   105  0099                     	;# 
   106  009A                     	;# 
   107  009B                     	;# 
   108  009C                     	;# 
   109  009D                     	;# 
   110  009E                     	;# 
   111  009F                     	;# 
   112  0105                     	;# 
   113  0107                     	;# 
   114  0108                     	;# 
   115  0109                     	;# 
   116  010C                     	;# 
   117  010C                     	;# 
   118  010D                     	;# 
   119  010E                     	;# 
   120  010F                     	;# 
   121  0185                     	;# 
   122  0187                     	;# 
   123  0188                     	;# 
   124  0189                     	;# 
   125  018C                     	;# 
   126  018D                     	;# 
   127  0000                     	;# 
   128  0001                     	;# 
   129  0002                     	;# 
   130  0003                     	;# 
   131  0004                     	;# 
   132  0005                     	;# 
   133  0006                     	;# 
   134  0007                     	;# 
   135  0008                     	;# 
   136  0009                     	;# 
   137  000A                     	;# 
   138  000B                     	;# 
   139  000C                     	;# 
   140  000D                     	;# 
   141  000E                     	;# 
   142  000E                     	;# 
   143  000F                     	;# 
   144  0010                     	;# 
   145  0011                     	;# 
   146  0012                     	;# 
   147  0013                     	;# 
   148  0014                     	;# 
   149  0015                     	;# 
   150  0015                     	;# 
   151  0016                     	;# 
   152  0017                     	;# 
   153  0018                     	;# 
   154  0019                     	;# 
   155  001A                     	;# 
   156  001B                     	;# 
   157  001B                     	;# 
   158  001C                     	;# 
   159  001D                     	;# 
   160  001E                     	;# 
   161  001F                     	;# 
   162  0081                     	;# 
   163  0085                     	;# 
   164  0086                     	;# 
   165  0087                     	;# 
   166  0088                     	;# 
   167  0089                     	;# 
   168  008C                     	;# 
   169  008D                     	;# 
   170  008E                     	;# 
   171  008F                     	;# 
   172  0090                     	;# 
   173  0091                     	;# 
   174  0092                     	;# 
   175  0093                     	;# 
   176  0093                     	;# 
   177  0093                     	;# 
   178  0094                     	;# 
   179  0095                     	;# 
   180  0096                     	;# 
   181  0097                     	;# 
   182  0098                     	;# 
   183  0099                     	;# 
   184  009A                     	;# 
   185  009B                     	;# 
   186  009C                     	;# 
   187  009D                     	;# 
   188  009E                     	;# 
   189  009F                     	;# 
   190  0105                     	;# 
   191  0107                     	;# 
   192  0108                     	;# 
   193  0109                     	;# 
   194  010C                     	;# 
   195  010C                     	;# 
   196  010D                     	;# 
   197  010E                     	;# 
   198  010F                     	;# 
   199  0185                     	;# 
   200  0187                     	;# 
   201  0188                     	;# 
   202  0189                     	;# 
   203  018C                     	;# 
   204  018D                     	;# 
   205  0008                     _PORTDbits	set	8
   206  0009                     _PORTEbits	set	9
   207  0007                     _PORTCbits	set	7
   208  0009                     _PORTE	set	9
   209  0008                     _PORTD	set	8
   210  0007                     _PORTC	set	7
   211  0006                     _PORTB	set	6
   212  0005                     _PORTA	set	5
   213  0006                     _PORTBbits	set	6
   214  0081                     _OPTION_REG	set	129
   215  0089                     _TRISE	set	137
   216  0088                     _TRISD	set	136
   217  0087                     _TRISC	set	135
   218  0086                     _TRISB	set	134
   219  0085                     _TRISA	set	133
   220  0189                     _ANSELH	set	393
   221  0188                     _ANSEL	set	392
   222                           
   223                           	psect	cinit
   224  07F5                     start_initialization:	
   225                           ; #config settings
   226                           
   227  07F5                     __initialization:
   228                           
   229                           ; Clear objects allocated to COMMON
   230  07F5  01F0               	clrf	__pbssCOMMON& (0+127)
   231  07F6  01F1               	clrf	(__pbssCOMMON+1)& (0+127)
   232  07F7  01F2               	clrf	(__pbssCOMMON+2)& (0+127)
   233  07F8  01F3               	clrf	(__pbssCOMMON+3)& (0+127)
   234  07F9  01F4               	clrf	(__pbssCOMMON+4)& (0+127)
   235  07FA  01F5               	clrf	(__pbssCOMMON+5)& (0+127)
   236  07FB  01F6               	clrf	(__pbssCOMMON+6)& (0+127)
   237  07FC                     end_of_initialization:	
   238                           ;End of C runtime variable initialization code
   239                           
   240  07FC                     __end_of__initialization:
   241  07FC  0183               	clrf	3
   242  07FD  120A  118A  2F95   	ljmp	_main	;jump to C main() function
   243                           
   244                           	psect	bssCOMMON
   245  0070                     __pbssCOMMON:
   246  0070                     _CONT1:
   247  0070                     	ds	1
   248  0071                     _CONT:
   249  0071                     	ds	1
   250  0072                     _P2:
   251  0072                     	ds	1
   252  0073                     _P1:
   253  0073                     	ds	1
   254  0074                     _FLAG1:
   255  0074                     	ds	1
   256  0075                     _FLAG:
   257  0075                     	ds	1
   258  0076                     _sem:
   259  0076                     	ds	1
   260                           
   261                           	psect	cstackCOMMON
   262  0077                     __pcstackCOMMON:
   263  0077                     ?_Setup:
   264  0077                     ??_Setup:	
   265                           ; 1 bytes @ 0x0
   266                           
   267  0077                     ?_semaforo:	
   268                           ; 1 bytes @ 0x0
   269                           
   270  0077                     ??_semaforo:	
   271                           ; 1 bytes @ 0x0
   272                           
   273  0077                     ?_player1:	
   274                           ; 1 bytes @ 0x0
   275                           
   276  0077                     ??_player1:	
   277                           ; 1 bytes @ 0x0
   278                           
   279  0077                     ?_player2:	
   280                           ; 1 bytes @ 0x0
   281                           
   282  0077                     ??_player2:	
   283                           ; 1 bytes @ 0x0
   284                           
   285  0077                     ?_main:	
   286                           ; 1 bytes @ 0x0
   287                           
   288                           
   289                           ; 1 bytes @ 0x0
   290  0077                     	ds	3
   291  007A                     ??_main:
   292                           
   293                           	psect	maintext
   294  0795                     __pmaintext:	
   295                           ; 1 bytes @ 0x3
   296 ;;
   297 ;;Main: autosize = 0, tempsize = 0, incstack = 0, save=0
   298 ;;
   299 ;; *************** function _main *****************
   300 ;; Defined at:
   301 ;;		line 58 in file "Carrera.c"
   302 ;; Parameters:    Size  Location     Type
   303 ;;		None
   304 ;; Auto vars:     Size  Location     Type
   305 ;;		None
   306 ;; Return value:  Size  Location     Type
   307 ;;                  1    wreg      void 
   308 ;; Registers used:
   309 ;;		wreg, status,2, status,0, btemp+1, pclath, cstack
   310 ;; Tracked objects:
   311 ;;		On entry : B00/0
   312 ;;		On exit  : 0/0
   313 ;;		Unchanged: 0/0
   314 ;; Data sizes:     COMMON   BANK0   BANK1   BANK3   BANK2
   315 ;;      Params:         0       0       0       0       0
   316 ;;      Locals:         0       0       0       0       0
   317 ;;      Temps:          0       0       0       0       0
   318 ;;      Totals:         0       0       0       0       0
   319 ;;Total ram usage:        0 bytes
   320 ;; Hardware stack levels required when called:    1
   321 ;; This function calls:
   322 ;;		_Setup
   323 ;;		_player1
   324 ;;		_player2
   325 ;;		_semaforo
   326 ;; This function is called by:
   327 ;;		Startup code after reset
   328 ;; This function uses a non-reentrant model
   329 ;;
   330                           
   331                           
   332                           ;psect for function _main
   333  0795                     _main:
   334  0795                     l778:	
   335                           ;incstack = 0
   336                           ; Regs used in _main: [wreg+status,2+status,0+btemp+1+pclath+cstack]
   337                           
   338                           
   339                           ;Carrera.c: 60: 
   340  0795  120A  118A  26EB  120A  118A  	fcall	_Setup
   341  079A                     l780:
   342                           
   343                           ;Carrera.c: 65:             if (PORTBbits.RB5 == 1){
   344  079A  1283               	bcf	3,5	;RP0=0, select bank0
   345  079B  1303               	bcf	3,6	;RP1=0, select bank0
   346  079C  1986               	btfsc	6,3	;volatile
   347  079D  2F9F               	goto	u101
   348  079E  2FA0               	goto	u100
   349  079F                     u101:
   350  079F  2FA2               	goto	l784
   351  07A0                     u100:
   352  07A0                     l782:
   353                           
   354                           ;Carrera.c: 66:             P2 = 1;
   355  07A0  01F6               	clrf	_sem
   356                           
   357                           ;Carrera.c: 67:         }
   358  07A1  2FAE               	goto	l790
   359  07A2                     l784:
   360                           
   361                           ;Carrera.c: 70:                 if (P2 == 1 && PORTBbits.RB5 == 0 ){
   362  07A2  0876               	movf	_sem,w
   363  07A3  1D03               	btfss	3,2
   364  07A4  2FA6               	goto	u111
   365  07A5  2FA7               	goto	u110
   366  07A6                     u111:
   367  07A6  2FAE               	goto	l790
   368  07A7                     u110:
   369  07A7                     l786:
   370                           
   371                           ;Carrera.c: 71:                 P2 = 0;
   372  07A7  01F6               	clrf	_sem
   373  07A8  0AF6               	incf	_sem,f
   374  07A9                     l788:
   375                           
   376                           ;Carrera.c: 72:                 CONT1 ++;
   377  07A9  120A  118A  2757  120A  118A  	fcall	_semaforo
   378  07AE                     l790:
   379                           
   380                           ;Carrera.c: 77: 
   381  07AE  0375               	decf	_FLAG,w
   382  07AF  1D03               	btfss	3,2
   383  07B0  2FB2               	goto	u121
   384  07B1  2FB3               	goto	u120
   385  07B2                     u121:
   386  07B2  2FCF               	goto	l806
   387  07B3                     u120:
   388  07B3                     l792:
   389                           
   390                           ;Carrera.c: 78: 
   391  07B3  1283               	bcf	3,5	;RP0=0, select bank0
   392  07B4  1303               	bcf	3,6	;RP1=0, select bank0
   393  07B5  1E06               	btfss	6,4	;volatile
   394  07B6  2FB8               	goto	u131
   395  07B7  2FB9               	goto	u130
   396  07B8                     u131:
   397  07B8  2FBC               	goto	l796
   398  07B9                     u130:
   399  07B9                     l794:
   400                           
   401                           ;Carrera.c: 79:     }
   402  07B9  01F3               	clrf	_P1
   403  07BA  0AF3               	incf	_P1,f
   404                           
   405                           ;Carrera.c: 80: 
   406  07BB  2FCF               	goto	l806
   407  07BC                     l796:
   408                           
   409                           ;Carrera.c: 83: 
   410  07BC  0373               	decf	_P1,w
   411  07BD  1D03               	btfss	3,2
   412  07BE  2FC0               	goto	u141
   413  07BF  2FC1               	goto	u140
   414  07C0                     u141:
   415  07C0  2FCF               	goto	l806
   416  07C1                     u140:
   417  07C1                     l798:
   418  07C1  1A06               	btfsc	6,4	;volatile
   419  07C2  2FC4               	goto	u151
   420  07C3  2FC5               	goto	u150
   421  07C4                     u151:
   422  07C4  2FCF               	goto	l806
   423  07C5                     u150:
   424  07C5                     l800:
   425                           
   426                           ;Carrera.c: 84:     }
   427  07C5  01F3               	clrf	_P1
   428  07C6                     l802:
   429                           
   430                           ;Carrera.c: 85: }
   431  07C6  3001               	movlw	1
   432  07C7  00FF               	movwf	btemp+1
   433  07C8  087F               	movf	btemp+1,w
   434  07C9  07F1               	addwf	_CONT,f
   435  07CA                     l804:
   436                           
   437                           ;Carrera.c: 86: 
   438  07CA  120A  118A  2701  120A  118A  	fcall	_player1
   439  07CF                     l806:
   440                           
   441                           ;Carrera.c: 95:     PORTA = 0;
   442  07CF  0375               	decf	_FLAG,w
   443  07D0  1D03               	btfss	3,2
   444  07D1  2FD3               	goto	u161
   445  07D2  2FD4               	goto	u160
   446  07D3                     u161:
   447  07D3  2F9A               	goto	l780
   448  07D4                     u160:
   449  07D4                     l808:
   450                           
   451                           ;Carrera.c: 96:     PORTB = 0;
   452  07D4  1283               	bcf	3,5	;RP0=0, select bank0
   453  07D5  1303               	bcf	3,6	;RP1=0, select bank0
   454  07D6  1E86               	btfss	6,5	;volatile
   455  07D7  2FD9               	goto	u171
   456  07D8  2FDA               	goto	u170
   457  07D9                     u171:
   458  07D9  2FDD               	goto	l812
   459  07DA                     u170:
   460  07DA                     l810:
   461                           
   462                           ;Carrera.c: 97:     PORTC = 0;
   463  07DA  01F2               	clrf	_P2
   464  07DB  0AF2               	incf	_P2,f
   465                           
   466                           ;Carrera.c: 98:     PORTD = 0;
   467  07DC  2F9A               	goto	l780
   468  07DD                     l812:
   469                           
   470                           ;Carrera.c: 101:     TRISA = 0;
   471  07DD  0372               	decf	_P2,w
   472  07DE  1D03               	btfss	3,2
   473  07DF  2FE1               	goto	u181
   474  07E0  2FE2               	goto	u180
   475  07E1                     u181:
   476  07E1  2FF1               	goto	l71
   477  07E2                     u180:
   478  07E2                     l814:
   479  07E2  1A86               	btfsc	6,5	;volatile
   480  07E3  2FE5               	goto	u191
   481  07E4  2FE6               	goto	u190
   482  07E5                     u191:
   483  07E5  2FF1               	goto	l71
   484  07E6                     u190:
   485  07E6                     l816:
   486                           
   487                           ;Carrera.c: 102:     TRISB = 0b00111000;
   488  07E6  01F2               	clrf	_P2
   489  07E7                     l818:
   490                           
   491                           ;Carrera.c: 103:     TRISC = 0;
   492  07E7  3001               	movlw	1
   493  07E8  00FF               	movwf	btemp+1
   494  07E9  087F               	movf	btemp+1,w
   495  07EA  07F0               	addwf	_CONT1,f
   496  07EB                     l820:
   497                           
   498                           ;Carrera.c: 104:     TRISD = 0;
   499  07EB  120A  118A  272C  120A  118A  	fcall	_player2
   500  07F0  2F9A               	goto	l780
   501  07F1                     l71:	
   502                           ;Carrera.c: 110: 
   503                           
   504  07F1  2F9A               	goto	l780
   505  07F2  120A  118A  2800   	ljmp	start
   506  07F5                     __end_of_main:
   507                           
   508                           	psect	text1
   509  0757                     __ptext1:	
   510 ;; *************** function _semaforo *****************
   511 ;; Defined at:
   512 ;;		line 148 in file "Carrera.c"
   513 ;; Parameters:    Size  Location     Type
   514 ;;		None
   515 ;; Auto vars:     Size  Location     Type
   516 ;;		None
   517 ;; Return value:  Size  Location     Type
   518 ;;                  1    wreg      void 
   519 ;; Registers used:
   520 ;;		wreg, status,2, status,0
   521 ;; Tracked objects:
   522 ;;		On entry : 0/0
   523 ;;		On exit  : 0/0
   524 ;;		Unchanged: 0/0
   525 ;; Data sizes:     COMMON   BANK0   BANK1   BANK3   BANK2
   526 ;;      Params:         0       0       0       0       0
   527 ;;      Locals:         0       0       0       0       0
   528 ;;      Temps:          3       0       0       0       0
   529 ;;      Totals:         3       0       0       0       0
   530 ;;Total ram usage:        3 bytes
   531 ;; Hardware stack levels used:    1
   532 ;; This function calls:
   533 ;;		Nothing
   534 ;; This function is called by:
   535 ;;		_main
   536 ;; This function uses a non-reentrant model
   537 ;;
   538                           
   539                           
   540                           ;psect for function _semaforo
   541  0757                     _semaforo:
   542  0757                     l702:	
   543                           ;incstack = 0
   544                           ; Regs used in _semaforo: [wreg+status,2+status,0]
   545                           
   546                           
   547                           ;Carrera.c: 149:     if(CONT == 1){
   548  0757  0376               	decf	_sem,w
   549  0758  1D03               	btfss	3,2
   550  0759  2F5B               	goto	u11
   551  075A  2F5C               	goto	u10
   552  075B                     u11:
   553  075B  2F94               	goto	l84
   554  075C                     u10:
   555  075C                     l704:
   556                           
   557                           ;Carrera.c: 150:         PORTC = 1;
   558  075C  1283               	bcf	3,5	;RP0=0, select bank0
   559  075D  1303               	bcf	3,6	;RP1=0, select bank0
   560  075E  0188               	clrf	8	;volatile
   561                           
   562                           ;Carrera.c: 151:     }
   563  075F  0187               	clrf	7	;volatile
   564                           
   565                           ;Carrera.c: 152:         else if (CONT >1 && CONT < 8){
   566  0760  0189               	clrf	9	;volatile
   567  0761                     l706:
   568                           
   569                           ;Carrera.c: 153:             PORTC = PORTC<<1;
   570  0761  1406               	bsf	6,0	;volatile
   571  0762                     l708:
   572                           
   573                           ;Carrera.c: 154:     }
   574  0762  1086               	bcf	6,1	;volatile
   575  0763                     l710:
   576                           
   577                           ;Carrera.c: 155: 
   578  0763  1106               	bcf	6,2	;volatile
   579  0764                     l712:
   580                           
   581                           ;Carrera.c: 156:     else if(CONT == 8){
   582  0764  3082               	movlw	130
   583  0765  00F8               	movwf	??_semaforo+1
   584  0766  30DD               	movlw	221
   585  0767  00F7               	movwf	??_semaforo
   586  0768                     u207:
   587  0768  0BF7               	decfsz	??_semaforo,f
   588  0769  2F68               	goto	u207
   589  076A  0BF8               	decfsz	??_semaforo+1,f
   590  076B  2F68               	goto	u207
   591  076C  2F6D               	nop2
   592  076D                     l714:
   593                           
   594                           ;Carrera.c: 158:         PORTCbits.RC6 = 0;
   595  076D  1283               	bcf	3,5	;RP0=0, select bank0
   596  076E  1303               	bcf	3,6	;RP1=0, select bank0
   597  076F  1006               	bcf	6,0	;volatile
   598  0770                     l716:
   599                           
   600                           ;Carrera.c: 159:         PORTCbits.RC7 = 1;
   601  0770  1486               	bsf	6,1	;volatile
   602  0771                     l718:
   603                           
   604                           ;Carrera.c: 160:         PORTEbits.RE0 = 1;
   605  0771  1106               	bcf	6,2	;volatile
   606  0772                     l720:
   607                           
   608                           ;Carrera.c: 161:         FLAG = 0;
   609  0772  3082               	movlw	130
   610  0773  00F8               	movwf	??_semaforo+1
   611  0774  30DD               	movlw	221
   612  0775  00F7               	movwf	??_semaforo
   613  0776                     u217:
   614  0776  0BF7               	decfsz	??_semaforo,f
   615  0777  2F76               	goto	u217
   616  0778  0BF8               	decfsz	??_semaforo+1,f
   617  0779  2F76               	goto	u217
   618  077A  2F7B               	nop2
   619  077B                     l722:
   620                           
   621                           ;Carrera.c: 163: }
   622  077B  1283               	bcf	3,5	;RP0=0, select bank0
   623  077C  1303               	bcf	3,6	;RP1=0, select bank0
   624  077D  1006               	bcf	6,0	;volatile
   625  077E                     l724:
   626                           
   627                           ;Carrera.c: 164: 
   628  077E  1086               	bcf	6,1	;volatile
   629  077F                     l726:
   630                           
   631                           ;Carrera.c: 165: void player2 (void){
   632  077F  1506               	bsf	6,2	;volatile
   633  0780                     l728:
   634                           
   635                           ;Carrera.c: 166:     if (CONT1 == 1){
   636  0780  01F5               	clrf	_FLAG
   637  0781  0AF5               	incf	_FLAG,f
   638  0782                     l730:
   639                           
   640                           ;Carrera.c: 168:     }
   641  0782  3002               	movlw	2
   642  0783  00F9               	movwf	??_semaforo+2
   643  0784  3004               	movlw	4
   644  0785  00F8               	movwf	??_semaforo+1
   645  0786  30BA               	movlw	186
   646  0787  00F7               	movwf	??_semaforo
   647  0788                     u227:
   648  0788  0BF7               	decfsz	??_semaforo,f
   649  0789  2F88               	goto	u227
   650  078A  0BF8               	decfsz	??_semaforo+1,f
   651  078B  2F88               	goto	u227
   652  078C  0BF9               	decfsz	??_semaforo+2,f
   653  078D  2F88               	goto	u227
   654  078E  0000               	nop
   655  078F                     l732:
   656                           
   657                           ;Carrera.c: 170:         else if (CONT1 > 1 && CONT1 < 8){
   658  078F  1283               	bcf	3,5	;RP0=0, select bank0
   659  0790  1303               	bcf	3,6	;RP1=0, select bank0
   660  0791  1006               	bcf	6,0	;volatile
   661  0792                     l734:
   662                           
   663                           ;Carrera.c: 171:             PORTD = PORTD<<1;
   664  0792  1086               	bcf	6,1	;volatile
   665  0793                     l736:
   666                           
   667                           ;Carrera.c: 172:         }
   668  0793  1106               	bcf	6,2	;volatile
   669  0794                     l84:
   670  0794  0008               	return
   671  0795                     __end_of_semaforo:
   672                           
   673                           	psect	text2
   674  072C                     __ptext2:	
   675 ;; *************** function _player2 *****************
   676 ;; Defined at:
   677 ;;		line 196 in file "Carrera.c"
   678 ;; Parameters:    Size  Location     Type
   679 ;;		None
   680 ;; Auto vars:     Size  Location     Type
   681 ;;		None
   682 ;; Return value:  Size  Location     Type
   683 ;;                  1    wreg      void 
   684 ;; Registers used:
   685 ;;		wreg, status,2, status,0
   686 ;; Tracked objects:
   687 ;;		On entry : 0/0
   688 ;;		On exit  : 0/0
   689 ;;		Unchanged: 0/0
   690 ;; Data sizes:     COMMON   BANK0   BANK1   BANK3   BANK2
   691 ;;      Params:         0       0       0       0       0
   692 ;;      Locals:         0       0       0       0       0
   693 ;;      Temps:          1       0       0       0       0
   694 ;;      Totals:         1       0       0       0       0
   695 ;;Total ram usage:        1 bytes
   696 ;; Hardware stack levels used:    1
   697 ;; This function calls:
   698 ;;		Nothing
   699 ;; This function is called by:
   700 ;;		_main
   701 ;; This function uses a non-reentrant model
   702 ;;
   703                           
   704                           
   705                           ;psect for function _player2
   706  072C                     _player2:
   707  072C                     l758:	
   708                           ;incstack = 0
   709                           ; Regs used in _player2: [wreg+status,2+status,0]
   710                           
   711  072C  0370               	decf	_CONT1,w
   712  072D  1D03               	btfss	3,2
   713  072E  2F30               	goto	u61
   714  072F  2F31               	goto	u60
   715  0730                     u61:
   716  0730  2F36               	goto	l762
   717  0731                     u60:
   718  0731                     l760:
   719  0731  3001               	movlw	1
   720  0732  1283               	bcf	3,5	;RP0=0, select bank0
   721  0733  1303               	bcf	3,6	;RP1=0, select bank0
   722  0734  0088               	movwf	8	;volatile
   723  0735  2F56               	goto	l100
   724  0736                     l762:
   725  0736  3002               	movlw	2
   726  0737  0270               	subwf	_CONT1,w
   727  0738  1C03               	skipc
   728  0739  2F3B               	goto	u71
   729  073A  2F3C               	goto	u70
   730  073B                     u71:
   731  073B  2F49               	goto	l768
   732  073C                     u70:
   733  073C                     l764:
   734  073C  3008               	movlw	8
   735  073D  0270               	subwf	_CONT1,w
   736  073E  1803               	skipnc
   737  073F  2F41               	goto	u81
   738  0740  2F42               	goto	u80
   739  0741                     u81:
   740  0741  2F49               	goto	l768
   741  0742                     u80:
   742  0742                     l766:
   743  0742  1283               	bcf	3,5	;RP0=0, select bank0
   744  0743  1303               	bcf	3,6	;RP1=0, select bank0
   745  0744  0808               	movf	8,w	;volatile
   746  0745  00F7               	movwf	??_player2
   747  0746  0777               	addwf	??_player2,w
   748  0747  0088               	movwf	8	;volatile
   749  0748  2F56               	goto	l100
   750  0749                     l768:
   751  0749  3008               	movlw	8
   752  074A  0670               	xorwf	_CONT1,w
   753  074B  1D03               	btfss	3,2
   754  074C  2F4E               	goto	u91
   755  074D  2F4F               	goto	u90
   756  074E                     u91:
   757  074E  2F56               	goto	l100
   758  074F                     u90:
   759  074F                     l770:
   760  074F  01F0               	clrf	_CONT1
   761  0750                     l772:
   762  0750  1283               	bcf	3,5	;RP0=0, select bank0
   763  0751  1303               	bcf	3,6	;RP1=0, select bank0
   764  0752  1308               	bcf	8,6	;volatile
   765  0753                     l774:
   766  0753  1788               	bsf	8,7	;volatile
   767  0754                     l776:
   768  0754  1489               	bsf	9,1	;volatile
   769  0755  01F5               	clrf	_FLAG
   770  0756                     l100:
   771  0756  0008               	return
   772  0757                     __end_of_player2:
   773                           
   774                           	psect	text3
   775  0701                     __ptext3:	
   776 ;; *************** function _player1 *****************
   777 ;; Defined at:
   778 ;;		line 179 in file "Carrera.c"
   779 ;; Parameters:    Size  Location     Type
   780 ;;		None
   781 ;; Auto vars:     Size  Location     Type
   782 ;;		None
   783 ;; Return value:  Size  Location     Type
   784 ;;                  1    wreg      void 
   785 ;; Registers used:
   786 ;;		wreg, status,2, status,0
   787 ;; Tracked objects:
   788 ;;		On entry : 0/0
   789 ;;		On exit  : 0/0
   790 ;;		Unchanged: 0/0
   791 ;; Data sizes:     COMMON   BANK0   BANK1   BANK3   BANK2
   792 ;;      Params:         0       0       0       0       0
   793 ;;      Locals:         0       0       0       0       0
   794 ;;      Temps:          1       0       0       0       0
   795 ;;      Totals:         1       0       0       0       0
   796 ;;Total ram usage:        1 bytes
   797 ;; Hardware stack levels used:    1
   798 ;; This function calls:
   799 ;;		Nothing
   800 ;; This function is called by:
   801 ;;		_main
   802 ;; This function uses a non-reentrant model
   803 ;;
   804                           
   805                           
   806                           ;psect for function _player1
   807  0701                     _player1:
   808  0701                     l738:	
   809                           ;incstack = 0
   810                           ; Regs used in _player1: [wreg+status,2+status,0]
   811                           
   812                           
   813                           ;Carrera.c: 180:     }
   814  0701  0371               	decf	_CONT,w
   815  0702  1D03               	btfss	3,2
   816  0703  2F05               	goto	u21
   817  0704  2F06               	goto	u20
   818  0705                     u21:
   819  0705  2F0B               	goto	l742
   820  0706                     u20:
   821  0706                     l740:
   822                           
   823                           ;Carrera.c: 181: }
   824  0706  3001               	movlw	1
   825  0707  1283               	bcf	3,5	;RP0=0, select bank0
   826  0708  1303               	bcf	3,6	;RP1=0, select bank0
   827  0709  0087               	movwf	7	;volatile
   828  070A  2F2B               	goto	l92
   829  070B                     l742:
   830  070B  3002               	movlw	2
   831  070C  0271               	subwf	_CONT,w
   832  070D  1C03               	skipc
   833  070E  2F10               	goto	u31
   834  070F  2F11               	goto	u30
   835  0710                     u31:
   836  0710  2F1E               	goto	l748
   837  0711                     u30:
   838  0711                     l744:
   839  0711  3008               	movlw	8
   840  0712  0271               	subwf	_CONT,w
   841  0713  1803               	skipnc
   842  0714  2F16               	goto	u41
   843  0715  2F17               	goto	u40
   844  0716                     u41:
   845  0716  2F1E               	goto	l748
   846  0717                     u40:
   847  0717                     l746:
   848  0717  1283               	bcf	3,5	;RP0=0, select bank0
   849  0718  1303               	bcf	3,6	;RP1=0, select bank0
   850  0719  0807               	movf	7,w	;volatile
   851  071A  00F7               	movwf	??_player1
   852  071B  0777               	addwf	??_player1,w
   853  071C  0087               	movwf	7	;volatile
   854  071D  2F2B               	goto	l92
   855  071E                     l748:
   856  071E  3008               	movlw	8
   857  071F  0671               	xorwf	_CONT,w
   858  0720  1D03               	btfss	3,2
   859  0721  2F23               	goto	u51
   860  0722  2F24               	goto	u50
   861  0723                     u51:
   862  0723  2F2B               	goto	l92
   863  0724                     u50:
   864  0724                     l750:
   865  0724  01F1               	clrf	_CONT
   866  0725                     l752:
   867  0725  1283               	bcf	3,5	;RP0=0, select bank0
   868  0726  1303               	bcf	3,6	;RP1=0, select bank0
   869  0727  1307               	bcf	7,6	;volatile
   870  0728                     l754:
   871  0728  1787               	bsf	7,7	;volatile
   872  0729                     l756:
   873  0729  1409               	bsf	9,0	;volatile
   874  072A  01F5               	clrf	_FLAG
   875  072B                     l92:
   876  072B  0008               	return
   877  072C                     __end_of_player1:
   878                           
   879                           	psect	text4
   880  06EB                     __ptext4:	
   881 ;; *************** function _Setup *****************
   882 ;; Defined at:
   883 ;;		line 123 in file "Carrera.c"
   884 ;; Parameters:    Size  Location     Type
   885 ;;		None
   886 ;; Auto vars:     Size  Location     Type
   887 ;;		None
   888 ;; Return value:  Size  Location     Type
   889 ;;                  1    wreg      void 
   890 ;; Registers used:
   891 ;;		wreg, status,2
   892 ;; Tracked objects:
   893 ;;		On entry : 0/0
   894 ;;		On exit  : 0/0
   895 ;;		Unchanged: 0/0
   896 ;; Data sizes:     COMMON   BANK0   BANK1   BANK3   BANK2
   897 ;;      Params:         0       0       0       0       0
   898 ;;      Locals:         0       0       0       0       0
   899 ;;      Temps:          0       0       0       0       0
   900 ;;      Totals:         0       0       0       0       0
   901 ;;Total ram usage:        0 bytes
   902 ;; Hardware stack levels used:    1
   903 ;; This function calls:
   904 ;;		Nothing
   905 ;; This function is called by:
   906 ;;		_main
   907 ;; This function uses a non-reentrant model
   908 ;;
   909                           
   910                           
   911                           ;psect for function _Setup
   912  06EB                     _Setup:
   913  06EB                     l692:	
   914                           ;incstack = 0
   915                           ; Regs used in _Setup: [wreg+status,2]
   916                           
   917                           
   918                           ;Carrera.c: 124:         PORTBbits.RB2 = 0;
   919  06EB  1683               	bsf	3,5	;RP0=1, select bank3
   920  06EC  1703               	bsf	3,6	;RP1=1, select bank3
   921  06ED  0188               	clrf	8	;volatile
   922                           
   923                           ;Carrera.c: 125:         _delay((unsigned long)((50)*(8000000/4000.0)));
   924  06EE  0189               	clrf	9	;volatile
   925                           
   926                           ;Carrera.c: 126: 
   927  06EF  1283               	bcf	3,5	;RP0=0, select bank0
   928  06F0  1303               	bcf	3,6	;RP1=0, select bank0
   929  06F1  0185               	clrf	5	;volatile
   930                           
   931                           ;Carrera.c: 127:         PORTBbits.RB0 = 0;
   932  06F2  0186               	clrf	6	;volatile
   933                           
   934                           ;Carrera.c: 128:         PORTBbits.RB1 = 1;
   935  06F3  0187               	clrf	7	;volatile
   936                           
   937                           ;Carrera.c: 129:         PORTBbits.RB2 = 0;
   938  06F4  0188               	clrf	8	;volatile
   939                           
   940                           ;Carrera.c: 130:         _delay((unsigned long)((50)*(8000000/4000.0)));
   941  06F5  0189               	clrf	9	;volatile
   942                           
   943                           ;Carrera.c: 132:         PORTBbits.RB0 = 0;
   944  06F6  1683               	bsf	3,5	;RP0=1, select bank1
   945  06F7  1303               	bcf	3,6	;RP1=0, select bank1
   946  06F8  0185               	clrf	5	;volatile
   947  06F9                     l694:
   948                           
   949                           ;Carrera.c: 133:         PORTBbits.RB1 = 0;
   950  06F9  3038               	movlw	56
   951  06FA  0086               	movwf	6	;volatile
   952  06FB                     l696:
   953                           
   954                           ;Carrera.c: 134:         PORTBbits.RB2 = 1;
   955  06FB  0187               	clrf	7	;volatile
   956  06FC                     l698:
   957                           
   958                           ;Carrera.c: 135:         FLAG = 1;
   959  06FC  0188               	clrf	8	;volatile
   960  06FD                     l700:
   961                           
   962                           ;Carrera.c: 136: 
   963  06FD  0189               	clrf	9	;volatile
   964                           
   965                           ;Carrera.c: 137:         _delay((unsigned long)((100)*(8000000/4000.0)));
   966  06FE  3080               	movlw	128
   967  06FF  0081               	movwf	1	;volatile
   968  0700                     l80:
   969  0700  0008               	return
   970  0701                     __end_of_Setup:
   971  007E                     btemp	set	126	;btemp
   972  007E                     wtemp0	set	126
   973                           
   974                           	psect	config
   975                           
   976                           ;Config register CONFIG1 @ 0x2007
   977                           ;	Oscillator Selection bits
   978                           ;	FOSC = XT, XT oscillator: Crystal/resonator on RA6/OSC2/CLKOUT and RA7/OSC1/CLKIN
   979                           ;	Watchdog Timer Enable bit
   980                           ;	WDTE = OFF, WDT disabled and can be enabled by SWDTEN bit of the WDTCON register
   981                           ;	Power-up Timer Enable bit
   982                           ;	PWRTE = OFF, PWRT disabled
   983                           ;	RE3/MCLR pin function select bit
   984                           ;	MCLRE = OFF, RE3/MCLR pin function is digital input, MCLR internally tied to VDD
   985                           ;	Code Protection bit
   986                           ;	CP = OFF, Program memory code protection is disabled
   987                           ;	Data Code Protection bit
   988                           ;	CPD = OFF, Data memory code protection is disabled
   989                           ;	Brown Out Reset Selection bits
   990                           ;	BOREN = OFF, BOR disabled
   991                           ;	Internal External Switchover bit
   992                           ;	IESO = OFF, Internal/External Switchover mode is disabled
   993                           ;	Fail-Safe Clock Monitor Enabled bit
   994                           ;	FCMEN = OFF, Fail-Safe Clock Monitor is disabled
   995                           ;	Low Voltage Programming Enable bit
   996                           ;	LVP = OFF, RB3 pin has digital I/O, HV on MCLR must be used for programming
   997                           ;	In-Circuit Debugger Mode bit
   998                           ;	DEBUG = 0x1, unprogrammed default
   999  2007                     	org	8199
  1000  2007  20D1               	dw	8401
  1001                           
  1002                           ;Config register CONFIG2 @ 0x2008
  1003                           ;	Brown-out Reset Selection bit
  1004                           ;	BOR4V = BOR40V, Brown-out Reset set to 4.0V
  1005                           ;	Flash Program Memory Self Write Enable bits
  1006                           ;	WRT = OFF, Write protection off
  1007  2008                     	org	8200
  1008  2008  3FFF               	dw	16383

Data Sizes:
    Strings     0
    Constant    0
    Data        0
    BSS         7
    Persistent  0
    Stack       0

Auto Spaces:
    Space          Size  Autos    Used
    COMMON           14      3      10
    BANK0            80      0       0
    BANK1            80      0       0
    BANK3            96      0       0
    BANK2            96      0       0

Pointer List with Targets:

    None.

Critical Paths under _main in COMMON

    _main->_semaforo

Critical Paths under _main in BANK0

    None.

Critical Paths under _main in BANK1

    None.

Critical Paths under _main in BANK3

    None.

Critical Paths under _main in BANK2

    None.

Call Graph Tables:

 ---------------------------------------------------------------------------------
 (Depth) Function   	        Calls       Base Space   Used Autos Params    Refs
 ---------------------------------------------------------------------------------
 (0) _main                                                 0     0      0       0
                              _Setup
                            _player1
                            _player2
                           _semaforo
 ---------------------------------------------------------------------------------
 (1) _semaforo                                             3     3      0       0
                                              0 COMMON     3     3      0
 ---------------------------------------------------------------------------------
 (1) _player2                                              1     1      0       0
                                              0 COMMON     1     1      0
 ---------------------------------------------------------------------------------
 (1) _player1                                              1     1      0       0
                                              0 COMMON     1     1      0
 ---------------------------------------------------------------------------------
 (1) _Setup                                                0     0      0       0
 ---------------------------------------------------------------------------------
 Estimated maximum stack depth 1
 ---------------------------------------------------------------------------------

 Call Graph Graphs:

 _main (ROOT)
   _Setup
   _player1
   _player2
   _semaforo

 Address spaces:
Name               Size   Autos  Total    Cost      Usage
BITCOMMON            E      0       0       0        0.0%
EEDATA             100      0       0       0        0.0%
NULL                 0      0       0       0        0.0%
CODE                 0      0       0       0        0.0%
COMMON               E      3       A       1       71.4%
BITSFR0              0      0       0       1        0.0%
SFR0                 0      0       0       1        0.0%
BITSFR1              0      0       0       2        0.0%
SFR1                 0      0       0       2        0.0%
STACK                0      0       0       2        0.0%
ABS                  0      0       A       3        0.0%
BITBANK0            50      0       0       4        0.0%
BITSFR3              0      0       0       4        0.0%
SFR3                 0      0       0       4        0.0%
BANK0               50      0       0       5        0.0%
BITSFR2              0      0       0       5        0.0%
SFR2                 0      0       0       5        0.0%
BITBANK1            50      0       0       6        0.0%
BANK1               50      0       0       7        0.0%
BITBANK3            60      0       0       8        0.0%
BANK3               60      0       0       9        0.0%
BITBANK2            60      0       0      10        0.0%
BANK2               60      0       0      11        0.0%
DATA                 0      0       A      12        0.0%


Microchip Technology PIC Macro Assembler V2.20 build 20200408173844 
Symbol Table                                                                                   Tue Jan 26 00:12:31 2021

                     _P1 0073                       _P2 0072                       l71 07F1  
                     l80 0700                       l92 072B                       l84 0794  
                     u10 075C                       u11 075B                       u20 0706  
                     u21 0705                       u30 0711                       u31 0710  
                     u40 0717                       u41 0716                       u50 0724  
                     u51 0723                       u60 0731                       u61 0730  
                     u70 073C                       u71 073B                       u80 0742  
                     u81 0741                       u90 074F                       u91 074E  
                    l100 0756                      l700 06FD                      l710 0763  
                    l702 0757                      l720 0772                      l712 0764  
                    l704 075C                      l800 07C5                      l730 0782  
                    l722 077B                      l714 076D                      l706 0761  
                    l810 07DA                      l802 07C6                      l740 0706  
                    l732 078F                      l724 077E                      l716 0770  
                    l708 0762                      l820 07EB                      l812 07DD  
                    l804 07CA                      l750 0724                      l742 070B  
                    l734 0792                      l726 077F                      l718 0771  
                    l814 07E2                      l806 07CF                      l752 0725  
                    l744 0711                      l760 0731                      l736 0793  
                    l728 0780                      l816 07E6                      l808 07D4  
                    l754 0728                      l746 0717                      l738 0701  
                    l770 074F                      l762 0736                      l818 07E7  
                    l692 06EB                      l756 0729                      l748 071E  
                    l772 0750                      l764 073C                      l780 079A  
                    l694 06F9                      l774 0753                      l766 0742  
                    l758 072C                      l790 07AE                      l782 07A0  
                    l696 06FB                      l776 0754                      l768 0749  
                    l792 07B3                      l784 07A2                      l698 06FC  
                    l794 07B9                      l786 07A7                      l778 0795  
                    l796 07BC                      l788 07A9                      l798 07C1  
                    u100 07A0                      u101 079F                      u110 07A7  
                    u111 07A6                      u120 07B3                      u121 07B2  
                    u130 07B9                      u131 07B8                      u140 07C1  
                    u141 07C0                      u150 07C5                      u207 0768  
                    u151 07C4                      u160 07D4                      u217 0776  
                    u161 07D3                      u170 07DA                      u227 0788  
                    u171 07D9                      u180 07E2                      u181 07E1  
                    u190 07E6                      u191 07E5                      _sem 0076  
                   _FLAG 0075                     _CONT 0071                     _main 0795  
                   btemp 007E                     start 0000                    ?_main 0077  
                  _FLAG1 0074                    _ANSEL 0188                    _CONT1 0070  
                  _PORTA 0005                    _PORTB 0006                    _PORTC 0007  
                  _PORTD 0008                    _PORTE 0009                    _TRISA 0085  
                  _TRISB 0086                    _TRISC 0087                    _TRISD 0088  
                  _TRISE 0089                    _Setup 06EB          __end_of_player1 072C  
        __end_of_player2 0757                    status 0003                    wtemp0 007E  
        __initialization 07F5             __end_of_main 07F5                   ??_main 007A  
                 ?_Setup 0077                   _ANSELH 0189         __end_of_semaforo 0795  
              ??_player1 0077                ??_player2 0077  __end_of__initialization 07FC  
         __pcstackCOMMON 0077            __end_of_Setup 0701                  ??_Setup 0077  
             __pmaintext 0795                ?_semaforo 0077                  __ptext1 0757  
                __ptext2 072C                  __ptext3 0701                  __ptext4 06EB  
                _player1 0701                  _player2 072C     end_of_initialization 07FC  
             ??_semaforo 0077                _PORTBbits 0006                _PORTCbits 0007  
              _PORTDbits 0008                _PORTEbits 0009      start_initialization 07F5  
            __pbssCOMMON 0070                ___latbits 0002        __size_of_semaforo 003E  
               ?_player1 0077                 ?_player2 0077           __size_of_Setup 0016  
       __size_of_player1 002B         __size_of_player2 002B            __size_of_main 0060  
               _semaforo 0757               _OPTION_REG 0081  
