

Microchip MPLAB XC8 Assembler V2.20 build 20200408173844 
                                                                                               Tue Feb 02 18:36:02 2021

Microchip MPLAB XC8 C Compiler v2.20 (Free license) build 20200408173844 Og1 
     1                           	processor	16F887
     2                           	pagewidth 120
     3                           	opt	flic
     4                           	psect	cinit,global,class=CODE,merge=1,delta=2
     5                           	psect	cstackCOMMON,global,class=COMMON,space=1,delta=1,noexec
     6                           	psect	maintext,global,class=CODE,split=1,delta=2
     7                           	psect	text1,local,class=CODE,merge=1,delta=2
     8                           	psect	text2,local,class=CODE,merge=1,delta=2
     9                           	psect	text3,local,class=CODE,merge=1,delta=2
    10                           	psect	text4,local,class=CODE,merge=1,delta=2
    11                           	psect	intentry,global,class=CODE,delta=2
    12                           	psect	config,global,abs,ovrld,class=CONFIG,space=4,delta=2,noexec
    13                           	dabs	1,0x7E,2
    14  0000                     
    15                           ; Version 2.20
    16                           ; Generated 09/04/2020 GMT
    17                           ; 
    18                           ; Copyright © 2020, Microchip Technology Inc. and its subsidiaries ("Microchip")
    19                           ; All rights reserved.
    20                           ; 
    21                           ; This software is developed by Microchip Technology Inc. and its subsidiaries ("Microch
      +                          ip").
    22                           ; 
    23                           ; Redistribution and use in source and binary forms, with or without modification, are
    24                           ; permitted provided that the following conditions are met:
    25                           ; 
    26                           ;     1. Redistributions of source code must retain the above copyright notice, this lis
      +                          t of
    27                           ;        conditions and the following disclaimer.
    28                           ; 
    29                           ;     2. Redistributions in binary form must reproduce the above copyright notice, this 
      +                          list
    30                           ;        of conditions and the following disclaimer in the documentation and/or other
    31                           ;        materials provided with the distribution.
    32                           ; 
    33                           ;     3. Microchip's name may not be used to endorse or promote products derived from th
      +                          is
    34                           ;        software without specific prior written permission.
    35                           ; 
    36                           ; THIS SOFTWARE IS PROVIDED BY MICROCHIP "AS IS" AND ANY EXPRESS OR IMPLIED WARRANTIES,
    37                           ; INCLUDING, BUT NOT LIMITED TO, THE IMPLIED WARRANTIES OF MERCHANTABILITY AND FITNESS F
      +                          OR
    38                           ; PURPOSE ARE DISCLAIMED.  IN NO EVENT SHALL MICROCHIP BE LIABLE FOR ANY DIRECT, INDIREC
      +                          T,
    39                           ; INCIDENTAL, SPECIAL, EXEMPLARY, OR CONSEQUENTIAL DAMAGES (INCLUDING BUT NOT LIMITED TO
    40                           ; PROCUREMENT OF SUBSTITUTE GOODS OR SERVICES; LOSS OF USE, DATA OR PROFITS; OR BUSINESS
    41                           ; INTERRUPTION) HOWSOEVER CAUSED AND ON ANY THEORY OF LIABILITY, WHETHER IN CONTRACT, ST
      +                          RICT
    42                           ; LIABILITY, OR TORT (INCLUDING NEGLIGENCE OR OTHERWISE) ARISING IN ANY WAY OUT OF THE U
      +                          SE OF
    43                           ; THIS SOFTWARE, EVEN IF ADVISED OF THE POSSIBILITY OF SUCH DAMAGE.
    44                           ; 
    45                           ; 
    46                           ; Code-generator required, PIC16F887 Definitions
    47                           ; 
    48                           ; SFR Addresses
    49  0000                     	;# 
    50  0001                     	;# 
    51  0002                     	;# 
    52  0003                     	;# 
    53  0004                     	;# 
    54  0005                     	;# 
    55  0006                     	;# 
    56  0007                     	;# 
    57  0008                     	;# 
    58  0009                     	;# 
    59  000A                     	;# 
    60  000B                     	;# 
    61  000C                     	;# 
    62  000D                     	;# 
    63  000E                     	;# 
    64  000E                     	;# 
    65  000F                     	;# 
    66  0010                     	;# 
    67  0011                     	;# 
    68  0012                     	;# 
    69  0013                     	;# 
    70  0014                     	;# 
    71  0015                     	;# 
    72  0015                     	;# 
    73  0016                     	;# 
    74  0017                     	;# 
    75  0018                     	;# 
    76  0019                     	;# 
    77  001A                     	;# 
    78  001B                     	;# 
    79  001B                     	;# 
    80  001C                     	;# 
    81  001D                     	;# 
    82  001E                     	;# 
    83  001F                     	;# 
    84  0081                     	;# 
    85  0085                     	;# 
    86  0086                     	;# 
    87  0087                     	;# 
    88  0088                     	;# 
    89  0089                     	;# 
    90  008C                     	;# 
    91  008D                     	;# 
    92  008E                     	;# 
    93  008F                     	;# 
    94  0090                     	;# 
    95  0091                     	;# 
    96  0092                     	;# 
    97  0093                     	;# 
    98  0093                     	;# 
    99  0093                     	;# 
   100  0094                     	;# 
   101  0095                     	;# 
   102  0096                     	;# 
   103  0097                     	;# 
   104  0098                     	;# 
   105  0099                     	;# 
   106  009A                     	;# 
   107  009B                     	;# 
   108  009C                     	;# 
   109  009D                     	;# 
   110  009E                     	;# 
   111  009F                     	;# 
   112  0105                     	;# 
   113  0107                     	;# 
   114  0108                     	;# 
   115  0109                     	;# 
   116  010C                     	;# 
   117  010C                     	;# 
   118  010D                     	;# 
   119  010E                     	;# 
   120  010F                     	;# 
   121  0185                     	;# 
   122  0187                     	;# 
   123  0188                     	;# 
   124  0189                     	;# 
   125  018C                     	;# 
   126  018D                     	;# 
   127  0000                     	;# 
   128  0001                     	;# 
   129  0002                     	;# 
   130  0003                     	;# 
   131  0004                     	;# 
   132  0005                     	;# 
   133  0006                     	;# 
   134  0007                     	;# 
   135  0008                     	;# 
   136  0009                     	;# 
   137  000A                     	;# 
   138  000B                     	;# 
   139  000C                     	;# 
   140  000D                     	;# 
   141  000E                     	;# 
   142  000E                     	;# 
   143  000F                     	;# 
   144  0010                     	;# 
   145  0011                     	;# 
   146  0012                     	;# 
   147  0013                     	;# 
   148  0014                     	;# 
   149  0015                     	;# 
   150  0015                     	;# 
   151  0016                     	;# 
   152  0017                     	;# 
   153  0018                     	;# 
   154  0019                     	;# 
   155  001A                     	;# 
   156  001B                     	;# 
   157  001B                     	;# 
   158  001C                     	;# 
   159  001D                     	;# 
   160  001E                     	;# 
   161  001F                     	;# 
   162  0081                     	;# 
   163  0085                     	;# 
   164  0086                     	;# 
   165  0087                     	;# 
   166  0088                     	;# 
   167  0089                     	;# 
   168  008C                     	;# 
   169  008D                     	;# 
   170  008E                     	;# 
   171  008F                     	;# 
   172  0090                     	;# 
   173  0091                     	;# 
   174  0092                     	;# 
   175  0093                     	;# 
   176  0093                     	;# 
   177  0093                     	;# 
   178  0094                     	;# 
   179  0095                     	;# 
   180  0096                     	;# 
   181  0097                     	;# 
   182  0098                     	;# 
   183  0099                     	;# 
   184  009A                     	;# 
   185  009B                     	;# 
   186  009C                     	;# 
   187  009D                     	;# 
   188  009E                     	;# 
   189  009F                     	;# 
   190  0105                     	;# 
   191  0107                     	;# 
   192  0108                     	;# 
   193  0109                     	;# 
   194  010C                     	;# 
   195  010C                     	;# 
   196  010D                     	;# 
   197  010E                     	;# 
   198  010F                     	;# 
   199  0185                     	;# 
   200  0187                     	;# 
   201  0188                     	;# 
   202  0189                     	;# 
   203  018C                     	;# 
   204  018D                     	;# 
   205  0000                     	;# 
   206  0001                     	;# 
   207  0002                     	;# 
   208  0003                     	;# 
   209  0004                     	;# 
   210  0005                     	;# 
   211  0006                     	;# 
   212  0007                     	;# 
   213  0008                     	;# 
   214  0009                     	;# 
   215  000A                     	;# 
   216  000B                     	;# 
   217  000C                     	;# 
   218  000D                     	;# 
   219  000E                     	;# 
   220  000E                     	;# 
   221  000F                     	;# 
   222  0010                     	;# 
   223  0011                     	;# 
   224  0012                     	;# 
   225  0013                     	;# 
   226  0014                     	;# 
   227  0015                     	;# 
   228  0015                     	;# 
   229  0016                     	;# 
   230  0017                     	;# 
   231  0018                     	;# 
   232  0019                     	;# 
   233  001A                     	;# 
   234  001B                     	;# 
   235  001B                     	;# 
   236  001C                     	;# 
   237  001D                     	;# 
   238  001E                     	;# 
   239  001F                     	;# 
   240  0081                     	;# 
   241  0085                     	;# 
   242  0086                     	;# 
   243  0087                     	;# 
   244  0088                     	;# 
   245  0089                     	;# 
   246  008C                     	;# 
   247  008D                     	;# 
   248  008E                     	;# 
   249  008F                     	;# 
   250  0090                     	;# 
   251  0091                     	;# 
   252  0092                     	;# 
   253  0093                     	;# 
   254  0093                     	;# 
   255  0093                     	;# 
   256  0094                     	;# 
   257  0095                     	;# 
   258  0096                     	;# 
   259  0097                     	;# 
   260  0098                     	;# 
   261  0099                     	;# 
   262  009A                     	;# 
   263  009B                     	;# 
   264  009C                     	;# 
   265  009D                     	;# 
   266  009E                     	;# 
   267  009F                     	;# 
   268  0105                     	;# 
   269  0107                     	;# 
   270  0108                     	;# 
   271  0109                     	;# 
   272  010C                     	;# 
   273  010C                     	;# 
   274  010D                     	;# 
   275  010E                     	;# 
   276  010F                     	;# 
   277  0185                     	;# 
   278  0187                     	;# 
   279  0188                     	;# 
   280  0189                     	;# 
   281  018C                     	;# 
   282  018D                     	;# 
   283  0000                     	;# 
   284  0001                     	;# 
   285  0002                     	;# 
   286  0003                     	;# 
   287  0004                     	;# 
   288  0005                     	;# 
   289  0006                     	;# 
   290  0007                     	;# 
   291  0008                     	;# 
   292  0009                     	;# 
   293  000A                     	;# 
   294  000B                     	;# 
   295  000C                     	;# 
   296  000D                     	;# 
   297  000E                     	;# 
   298  000E                     	;# 
   299  000F                     	;# 
   300  0010                     	;# 
   301  0011                     	;# 
   302  0012                     	;# 
   303  0013                     	;# 
   304  0014                     	;# 
   305  0015                     	;# 
   306  0015                     	;# 
   307  0016                     	;# 
   308  0017                     	;# 
   309  0018                     	;# 
   310  0019                     	;# 
   311  001A                     	;# 
   312  001B                     	;# 
   313  001B                     	;# 
   314  001C                     	;# 
   315  001D                     	;# 
   316  001E                     	;# 
   317  001F                     	;# 
   318  0081                     	;# 
   319  0085                     	;# 
   320  0086                     	;# 
   321  0087                     	;# 
   322  0088                     	;# 
   323  0089                     	;# 
   324  008C                     	;# 
   325  008D                     	;# 
   326  008E                     	;# 
   327  008F                     	;# 
   328  0090                     	;# 
   329  0091                     	;# 
   330  0092                     	;# 
   331  0093                     	;# 
   332  0093                     	;# 
   333  0093                     	;# 
   334  0094                     	;# 
   335  0095                     	;# 
   336  0096                     	;# 
   337  0097                     	;# 
   338  0098                     	;# 
   339  0099                     	;# 
   340  009A                     	;# 
   341  009B                     	;# 
   342  009C                     	;# 
   343  009D                     	;# 
   344  009E                     	;# 
   345  009F                     	;# 
   346  0105                     	;# 
   347  0107                     	;# 
   348  0108                     	;# 
   349  0109                     	;# 
   350  010C                     	;# 
   351  010C                     	;# 
   352  010D                     	;# 
   353  010E                     	;# 
   354  010F                     	;# 
   355  0185                     	;# 
   356  0187                     	;# 
   357  0188                     	;# 
   358  0189                     	;# 
   359  018C                     	;# 
   360  018D                     	;# 
   361  001F                     _ADCON0bits	set	31
   362  000C                     _PIR1bits	set	12
   363  000B                     _INTCONbits	set	11
   364  0009                     _PORTE	set	9
   365  0008                     _PORTD	set	8
   366  0007                     _PORTC	set	7
   367  0005                     _PORTA	set	5
   368  001E                     _ADRESH	set	30
   369  0006                     _PORTB	set	6
   370  0001                     _TMR0	set	1
   371  0066                     _ADIF	set	102
   372  005A                     _T0IF	set	90
   373  008F                     _OSCCONbits	set	143
   374  008C                     _PIE1bits	set	140
   375  0081                     _OPTION_REG	set	129
   376  0089                     _TRISE	set	137
   377  0088                     _TRISD	set	136
   378  0087                     _TRISC	set	135
   379  0086                     _TRISB	set	134
   380  0085                     _TRISA	set	133
   381  0189                     _ANSELH	set	393
   382  0188                     _ANSEL	set	392
   383                           
   384                           	psect	cinit
   385  000F                     start_initialization:	
   386                           ; #config settings
   387                           
   388  000F                     __initialization:
   389  000F                     end_of_initialization:	
   390                           ;End of C runtime variable initialization code
   391                           
   392  000F                     __end_of__initialization:
   393  000F  0183               	clrf	3
   394  0010  120A  118A  298F   	ljmp	_main	;jump to C main() function
   395                           
   396                           	psect	cstackCOMMON
   397  0070                     __pcstackCOMMON:
   398  0070                     ?_Setup:
   399  0070                     ?_initOsc:	
   400                           ; 1 bytes @ 0x0
   401                           
   402  0070                     ?_isr:	
   403                           ; 1 bytes @ 0x0
   404                           
   405  0070                     ??_isr:	
   406                           ; 1 bytes @ 0x0
   407                           
   408  0070                     ?_main:	
   409                           ; 1 bytes @ 0x0
   410                           
   411                           
   412                           ; 1 bytes @ 0x0
   413  0070                     	ds	2
   414  0072                     ??_initOsc:
   415  0072                     ?_configADC:	
   416                           ; 1 bytes @ 0x2
   417                           
   418  0072                     configADC@chan:	
   419                           ; 1 bytes @ 0x2
   420                           
   421                           
   422                           ; 1 bytes @ 0x2
   423  0072                     	ds	1
   424  0073                     ??_configADC:
   425                           
   426                           ; 1 bytes @ 0x3
   427  0073                     	ds	1
   428  0074                     initOsc@IRCF:
   429                           
   430                           ; 1 bytes @ 0x4
   431  0074                     	ds	1
   432  0075                     configADC@fosc:
   433                           
   434                           ; 1 bytes @ 0x5
   435  0075                     	ds	1
   436  0076                     ??_Setup:
   437  0076                     ??_main:	
   438                           ; 1 bytes @ 0x6
   439                           
   440                           
   441                           	psect	maintext
   442  018F                     __pmaintext:	
   443                           ; 1 bytes @ 0x6
   444 ;;
   445 ;;Main: autosize = 0, tempsize = 0, incstack = 0, save=0
   446 ;;
   447 ;; *************** function _main *****************
   448 ;; Defined at:
   449 ;;		line 72 in file "L2.c"
   450 ;; Parameters:    Size  Location     Type
   451 ;;		None
   452 ;; Auto vars:     Size  Location     Type
   453 ;;		None
   454 ;; Return value:  Size  Location     Type
   455 ;;                  1    wreg      void 
   456 ;; Registers used:
   457 ;;		wreg, fsr0l, fsr0h, status,2, status,0, pclath, cstack
   458 ;; Tracked objects:
   459 ;;		On entry : B00/0
   460 ;;		On exit  : 0/0
   461 ;;		Unchanged: 0/0
   462 ;; Data sizes:     COMMON   BANK0   BANK1   BANK3   BANK2
   463 ;;      Params:         0       0       0       0       0
   464 ;;      Locals:         0       0       0       0       0
   465 ;;      Temps:          0       0       0       0       0
   466 ;;      Totals:         0       0       0       0       0
   467 ;;Total ram usage:        0 bytes
   468 ;; Hardware stack levels required when called:    3
   469 ;; This function calls:
   470 ;;		_Setup
   471 ;; This function is called by:
   472 ;;		Startup code after reset
   473 ;; This function uses a non-reentrant model
   474 ;;
   475                           
   476                           
   477                           ;psect for function _main
   478  018F                     _main:
   479  018F                     l981:	
   480                           ;incstack = 0
   481                           ; Regs used in _main: [wreg-fsr0h+status,2+status,0+pclath+cstack]
   482                           
   483                           
   484                           ;L2.c: 74:     Setup();
   485  018F  120A  118A  214A  120A  118A  	fcall	_Setup
   486  0194                     l58:	
   487                           ;L2.c: 78:     while(1){
   488                           
   489  0194                     l59:	
   490                           ;L2.c: 80: }
   491                           
   492  0194  2994               	goto	l58
   493  0195  120A  118A  280C   	ljmp	start
   494  0198                     __end_of_main:
   495                           
   496                           	psect	text1
   497  014A                     __ptext1:	
   498 ;; *************** function _Setup *****************
   499 ;; Defined at:
   500 ;;		line 87 in file "L2.c"
   501 ;; Parameters:    Size  Location     Type
   502 ;;		None
   503 ;; Auto vars:     Size  Location     Type
   504 ;;		None
   505 ;; Return value:  Size  Location     Type
   506 ;;                  1    wreg      void 
   507 ;; Registers used:
   508 ;;		wreg, fsr0l, fsr0h, status,2, status,0, pclath, cstack
   509 ;; Tracked objects:
   510 ;;		On entry : 0/0
   511 ;;		On exit  : 0/0
   512 ;;		Unchanged: 0/0
   513 ;; Data sizes:     COMMON   BANK0   BANK1   BANK3   BANK2
   514 ;;      Params:         0       0       0       0       0
   515 ;;      Locals:         0       0       0       0       0
   516 ;;      Temps:          0       0       0       0       0
   517 ;;      Totals:         0       0       0       0       0
   518 ;;Total ram usage:        0 bytes
   519 ;; Hardware stack levels used:    1
   520 ;; Hardware stack levels required when called:    2
   521 ;; This function calls:
   522 ;;		_configADC
   523 ;;		_initOsc
   524 ;; This function is called by:
   525 ;;		_main
   526 ;; This function uses a non-reentrant model
   527 ;;
   528                           
   529                           
   530                           ;psect for function _Setup
   531  014A                     _Setup:
   532  014A                     l941:	
   533                           ;incstack = 0
   534                           ; Regs used in _Setup: [wreg-fsr0h+status,2+status,0+pclath+cstack]
   535                           
   536                           
   537                           ;L2.c: 89:     initOsc(10);
   538  014A  300A               	movlw	10
   539  014B  120A  118A  20EE  120A  118A  	fcall	_initOsc
   540                           
   541                           ;L2.c: 90:     configADC(1,0);
   542  0150  01F2               	clrf	configADC@chan
   543  0151  3001               	movlw	1
   544  0152  120A  118A  2013  120A  118A  	fcall	_configADC
   545  0157                     l943:
   546                           
   547                           ;L2.c: 91:     ANSEL = 0b00000001;
   548  0157  3001               	movlw	1
   549  0158  1683               	bsf	3,5	;RP0=1, select bank3
   550  0159  1703               	bsf	3,6	;RP1=1, select bank3
   551  015A  0088               	movwf	8	;volatile
   552  015B                     l945:
   553                           
   554                           ;L2.c: 92:     ANSELH = 0;
   555  015B  0189               	clrf	9	;volatile
   556  015C                     l947:
   557                           
   558                           ;L2.c: 93:     PORTA = 0;
   559  015C  1283               	bcf	3,5	;RP0=0, select bank0
   560  015D  1303               	bcf	3,6	;RP1=0, select bank0
   561  015E  0185               	clrf	5	;volatile
   562  015F                     l949:
   563                           
   564                           ;L2.c: 94:     PORTB = 0;
   565  015F  0186               	clrf	6	;volatile
   566  0160                     l951:
   567                           
   568                           ;L2.c: 95:     PORTC = 0;
   569  0160  0187               	clrf	7	;volatile
   570  0161                     l953:
   571                           
   572                           ;L2.c: 96:     PORTD = 0;
   573  0161  0188               	clrf	8	;volatile
   574  0162                     l955:
   575                           
   576                           ;L2.c: 97:     PORTE = 0;
   577  0162  0189               	clrf	9	;volatile
   578  0163                     l957:
   579                           
   580                           ;L2.c: 99:     TRISA = 0b00000111;
   581  0163  3007               	movlw	7
   582  0164  1683               	bsf	3,5	;RP0=1, select bank1
   583  0165  1303               	bcf	3,6	;RP1=0, select bank1
   584  0166  0085               	movwf	5	;volatile
   585  0167                     l959:
   586                           
   587                           ;L2.c: 100:     TRISB = 0b00000000;
   588  0167  0186               	clrf	6	;volatile
   589  0168                     l961:
   590                           
   591                           ;L2.c: 101:     TRISC = 0;
   592  0168  0187               	clrf	7	;volatile
   593  0169                     l963:
   594                           
   595                           ;L2.c: 102:     TRISD = 0;
   596  0169  0188               	clrf	8	;volatile
   597  016A                     l965:
   598                           
   599                           ;L2.c: 103:     TRISE = 0;
   600  016A  0189               	clrf	9	;volatile
   601  016B                     l967:
   602                           
   603                           ;L2.c: 104:     OPTION_REG = 0b10000111;
   604  016B  3087               	movlw	135
   605  016C  0081               	movwf	1	;volatile
   606  016D                     l969:
   607                           
   608                           ;L2.c: 105:     INTCONbits.GIE = 1;
   609  016D  178B               	bsf	11,7	;volatile
   610  016E                     l971:
   611                           
   612                           ;L2.c: 106:     INTCONbits.T0IE = 1;
   613  016E  168B               	bsf	11,5	;volatile
   614  016F                     l973:
   615                           
   616                           ;L2.c: 107:     INTCONbits.PEIE = 1;
   617  016F  170B               	bsf	11,6	;volatile
   618  0170                     l975:
   619                           
   620                           ;L2.c: 108:     PIE1bits.ADIE = 1;
   621  0170  170C               	bsf	12,6	;volatile
   622  0171                     l977:
   623                           
   624                           ;L2.c: 109:     INTCONbits.T0IF = 0;
   625  0171  110B               	bcf	11,2	;volatile
   626  0172                     l979:
   627                           
   628                           ;L2.c: 110:     PIR1bits.ADIF = 0;
   629  0172  1283               	bcf	3,5	;RP0=0, select bank0
   630  0173  1303               	bcf	3,6	;RP1=0, select bank0
   631  0174  130C               	bcf	12,6	;volatile
   632  0175                     l64:
   633  0175  0008               	return
   634  0176                     __end_of_Setup:
   635                           
   636                           	psect	text2
   637  00EE                     __ptext2:	
   638 ;; *************** function _initOsc *****************
   639 ;; Defined at:
   640 ;;		line 6 in file "Osc.c"
   641 ;; Parameters:    Size  Location     Type
   642 ;;  IRCF            1    wreg     unsigned char 
   643 ;; Auto vars:     Size  Location     Type
   644 ;;  IRCF            1    4[COMMON] unsigned char 
   645 ;; Return value:  Size  Location     Type
   646 ;;                  1    wreg      void 
   647 ;; Registers used:
   648 ;;		wreg, fsr0l, fsr0h, status,2, status,0
   649 ;; Tracked objects:
   650 ;;		On entry : 0/0
   651 ;;		On exit  : 0/0
   652 ;;		Unchanged: 0/0
   653 ;; Data sizes:     COMMON   BANK0   BANK1   BANK3   BANK2
   654 ;;      Params:         0       0       0       0       0
   655 ;;      Locals:         1       0       0       0       0
   656 ;;      Temps:          2       0       0       0       0
   657 ;;      Totals:         3       0       0       0       0
   658 ;;Total ram usage:        3 bytes
   659 ;; Hardware stack levels used:    1
   660 ;; Hardware stack levels required when called:    1
   661 ;; This function calls:
   662 ;;		Nothing
   663 ;; This function is called by:
   664 ;;		_Setup
   665 ;; This function uses a non-reentrant model
   666 ;;
   667                           
   668                           
   669                           ;psect for function _initOsc
   670  00EE                     _initOsc:
   671                           
   672                           ;incstack = 0
   673                           ; Regs used in _initOsc: [wreg-fsr0h+status,2+status,0]
   674                           ;initOsc@IRCF stored from wreg
   675  00EE  00F4               	movwf	initOsc@IRCF
   676  00EF                     l701:
   677                           
   678                           ;Osc.c: 8:     switch (IRCF){
   679  00EF  2926               	goto	l705
   680  00F0                     l70:	
   681                           ;Osc.c: 10:         case 0:
   682                           
   683                           
   684                           ;Osc.c: 11:             OSCCONbits.IRCF2 = 0;
   685  00F0  1683               	bsf	3,5	;RP0=1, select bank1
   686  00F1  1303               	bcf	3,6	;RP1=0, select bank1
   687  00F2  130F               	bcf	15,6	;volatile
   688                           
   689                           ;Osc.c: 12:             OSCCONbits.IRCF1 = 0;
   690  00F3  128F               	bcf	15,5	;volatile
   691                           
   692                           ;Osc.c: 13:             OSCCONbits.IRCF0 = 0;
   693  00F4  120F               	bcf	15,4	;volatile
   694                           
   695                           ;Osc.c: 15:             break;
   696  00F5  2948               	goto	l71
   697  00F6                     l72:	
   698                           ;Osc.c: 17:         case 1:
   699                           
   700                           
   701                           ;Osc.c: 18:             OSCCONbits.IRCF2 = 0;
   702  00F6  1683               	bsf	3,5	;RP0=1, select bank1
   703  00F7  1303               	bcf	3,6	;RP1=0, select bank1
   704  00F8  130F               	bcf	15,6	;volatile
   705                           
   706                           ;Osc.c: 19:             OSCCONbits.IRCF1 = 0;
   707  00F9  128F               	bcf	15,5	;volatile
   708                           
   709                           ;Osc.c: 20:             OSCCONbits.IRCF0 = 1;
   710  00FA  160F               	bsf	15,4	;volatile
   711                           
   712                           ;Osc.c: 21:             break;
   713  00FB  2948               	goto	l71
   714  00FC                     l73:	
   715                           ;Osc.c: 23:         case 2:
   716                           
   717                           
   718                           ;Osc.c: 24:             OSCCONbits.IRCF2 = 0;
   719  00FC  1683               	bsf	3,5	;RP0=1, select bank1
   720  00FD  1303               	bcf	3,6	;RP1=0, select bank1
   721  00FE  130F               	bcf	15,6	;volatile
   722                           
   723                           ;Osc.c: 25:             OSCCONbits.IRCF1 = 1;
   724  00FF  168F               	bsf	15,5	;volatile
   725                           
   726                           ;Osc.c: 26:             OSCCONbits.IRCF0 = 0;
   727  0100  120F               	bcf	15,4	;volatile
   728                           
   729                           ;Osc.c: 27:             break;
   730  0101  2948               	goto	l71
   731  0102                     l74:	
   732                           ;Osc.c: 29:         case 3:
   733                           
   734                           
   735                           ;Osc.c: 30:             OSCCONbits.IRCF2 = 0;
   736  0102  1683               	bsf	3,5	;RP0=1, select bank1
   737  0103  1303               	bcf	3,6	;RP1=0, select bank1
   738  0104  130F               	bcf	15,6	;volatile
   739                           
   740                           ;Osc.c: 31:             OSCCONbits.IRCF1 = 1;
   741  0105  168F               	bsf	15,5	;volatile
   742                           
   743                           ;Osc.c: 32:             OSCCONbits.IRCF0 = 1;
   744  0106  160F               	bsf	15,4	;volatile
   745                           
   746                           ;Osc.c: 33:             break;
   747  0107  2948               	goto	l71
   748  0108                     l75:	
   749                           ;Osc.c: 35:         case 4:
   750                           
   751                           
   752                           ;Osc.c: 36:             OSCCONbits.IRCF2 = 1;
   753  0108  1683               	bsf	3,5	;RP0=1, select bank1
   754  0109  1303               	bcf	3,6	;RP1=0, select bank1
   755  010A  170F               	bsf	15,6	;volatile
   756                           
   757                           ;Osc.c: 37:             OSCCONbits.IRCF1 = 0;
   758  010B  128F               	bcf	15,5	;volatile
   759                           
   760                           ;Osc.c: 38:             OSCCONbits.IRCF0 = 0;
   761  010C  120F               	bcf	15,4	;volatile
   762                           
   763                           ;Osc.c: 39:             break;
   764  010D  2948               	goto	l71
   765  010E                     l76:	
   766                           ;Osc.c: 41:         case 5:
   767                           
   768                           
   769                           ;Osc.c: 42:             OSCCONbits.IRCF2 = 1;
   770  010E  1683               	bsf	3,5	;RP0=1, select bank1
   771  010F  1303               	bcf	3,6	;RP1=0, select bank1
   772  0110  170F               	bsf	15,6	;volatile
   773                           
   774                           ;Osc.c: 43:             OSCCONbits.IRCF1 = 0;
   775  0111  128F               	bcf	15,5	;volatile
   776                           
   777                           ;Osc.c: 44:             OSCCONbits.IRCF0 = 1;
   778  0112  160F               	bsf	15,4	;volatile
   779                           
   780                           ;Osc.c: 45:             break;
   781  0113  2948               	goto	l71
   782  0114                     l77:	
   783                           ;Osc.c: 48:         case 6:
   784                           
   785                           
   786                           ;Osc.c: 49:             OSCCONbits.IRCF2 = 1;
   787  0114  1683               	bsf	3,5	;RP0=1, select bank1
   788  0115  1303               	bcf	3,6	;RP1=0, select bank1
   789  0116  170F               	bsf	15,6	;volatile
   790                           
   791                           ;Osc.c: 50:             OSCCONbits.IRCF1 = 1;
   792  0117  168F               	bsf	15,5	;volatile
   793                           
   794                           ;Osc.c: 51:             OSCCONbits.IRCF0 = 0;
   795  0118  120F               	bcf	15,4	;volatile
   796                           
   797                           ;Osc.c: 52:             break;
   798  0119  2948               	goto	l71
   799  011A                     l78:	
   800                           ;Osc.c: 54:         case 7:
   801                           
   802                           
   803                           ;Osc.c: 55:             OSCCONbits.IRCF2 = 1;
   804  011A  1683               	bsf	3,5	;RP0=1, select bank1
   805  011B  1303               	bcf	3,6	;RP1=0, select bank1
   806  011C  170F               	bsf	15,6	;volatile
   807                           
   808                           ;Osc.c: 56:             OSCCONbits.IRCF1 = 1;
   809  011D  168F               	bsf	15,5	;volatile
   810                           
   811                           ;Osc.c: 57:             OSCCONbits.IRCF0 = 1;
   812  011E  160F               	bsf	15,4	;volatile
   813                           
   814                           ;Osc.c: 58:             break;
   815  011F  2948               	goto	l71
   816  0120                     l79:	
   817                           ;Osc.c: 63:         default:
   818                           
   819                           
   820                           ;Osc.c: 64:             OSCCONbits.IRCF2 = 1;
   821  0120  1683               	bsf	3,5	;RP0=1, select bank1
   822  0121  1303               	bcf	3,6	;RP1=0, select bank1
   823  0122  170F               	bsf	15,6	;volatile
   824                           
   825                           ;Osc.c: 65:             OSCCONbits.IRCF1 = 0;
   826  0123  128F               	bcf	15,5	;volatile
   827                           
   828                           ;Osc.c: 66:             OSCCONbits.IRCF0 = 0;
   829  0124  120F               	bcf	15,4	;volatile
   830                           
   831                           ;Osc.c: 67:             break;
   832  0125  2948               	goto	l71
   833  0126                     l705:
   834  0126  0874               	movf	initOsc@IRCF,w
   835  0127  00F2               	movwf	??_initOsc
   836  0128  01F3               	clrf	??_initOsc+1
   837                           
   838                           ; Switch on 2 bytes has been partitioned into a top level switch of size 1, and 1 sub-sw
      +                          itches
   839                           ; Switch size 1, requested type "simple"
   840                           ; Number of cases is 1, Range of values is 0 to 0
   841                           ; switch strategies available:
   842                           ; Name         Instructions Cycles
   843                           ; simple_byte            4     3 (average)
   844                           ; direct_byte           11     8 (fixed)
   845                           ; jumptable            260     6 (fixed)
   846                           ;	Chosen strategy is simple_byte
   847  0129  0873               	movf	??_initOsc+1,w
   848  012A  3A00               	xorlw	0	; case 0
   849  012B  1903               	skipnz
   850  012C  292E               	goto	l1043
   851  012D  2920               	goto	l79
   852  012E                     l1043:
   853                           
   854                           ; Switch size 1, requested type "simple"
   855                           ; Number of cases is 8, Range of values is 0 to 7
   856                           ; switch strategies available:
   857                           ; Name         Instructions Cycles
   858                           ; simple_byte           25    13 (average)
   859                           ; direct_byte           32     8 (fixed)
   860                           ; jumptable            260     6 (fixed)
   861                           ;	Chosen strategy is simple_byte
   862  012E  0872               	movf	??_initOsc,w
   863  012F  3A00               	xorlw	0	; case 0
   864  0130  1903               	skipnz
   865  0131  28F0               	goto	l70
   866  0132  3A01               	xorlw	1	; case 1
   867  0133  1903               	skipnz
   868  0134  28F6               	goto	l72
   869  0135  3A03               	xorlw	3	; case 2
   870  0136  1903               	skipnz
   871  0137  28FC               	goto	l73
   872  0138  3A01               	xorlw	1	; case 3
   873  0139  1903               	skipnz
   874  013A  2902               	goto	l74
   875  013B  3A07               	xorlw	7	; case 4
   876  013C  1903               	skipnz
   877  013D  2908               	goto	l75
   878  013E  3A01               	xorlw	1	; case 5
   879  013F  1903               	skipnz
   880  0140  290E               	goto	l76
   881  0141  3A03               	xorlw	3	; case 6
   882  0142  1903               	skipnz
   883  0143  2914               	goto	l77
   884  0144  3A01               	xorlw	1	; case 7
   885  0145  1903               	skipnz
   886  0146  291A               	goto	l78
   887  0147  2920               	goto	l79
   888  0148                     l71:
   889                           
   890                           ;Osc.c: 71:     OSCCONbits.SCS = 1;
   891  0148  140F               	bsf	15,0	;volatile
   892  0149                     l80:
   893  0149  0008               	return
   894  014A                     __end_of_initOsc:
   895                           
   896                           	psect	text3
   897  0013                     __ptext3:	
   898 ;; *************** function _configADC *****************
   899 ;; Defined at:
   900 ;;		line 7 in file "ADC.c"
   901 ;; Parameters:    Size  Location     Type
   902 ;;  fosc            1    wreg     unsigned char 
   903 ;;  chan            1    2[COMMON] unsigned char 
   904 ;; Auto vars:     Size  Location     Type
   905 ;;  fosc            1    5[COMMON] unsigned char 
   906 ;; Return value:  Size  Location     Type
   907 ;;                  1    wreg      void 
   908 ;; Registers used:
   909 ;;		wreg, fsr0l, fsr0h, status,2, status,0
   910 ;; Tracked objects:
   911 ;;		On entry : 0/0
   912 ;;		On exit  : 0/0
   913 ;;		Unchanged: 0/0
   914 ;; Data sizes:     COMMON   BANK0   BANK1   BANK3   BANK2
   915 ;;      Params:         1       0       0       0       0
   916 ;;      Locals:         1       0       0       0       0
   917 ;;      Temps:          2       0       0       0       0
   918 ;;      Totals:         4       0       0       0       0
   919 ;;Total ram usage:        4 bytes
   920 ;; Hardware stack levels used:    1
   921 ;; Hardware stack levels required when called:    1
   922 ;; This function calls:
   923 ;;		Nothing
   924 ;; This function is called by:
   925 ;;		_Setup
   926 ;; This function uses a non-reentrant model
   927 ;;
   928                           
   929                           
   930                           ;psect for function _configADC
   931  0013                     _configADC:
   932                           
   933                           ;incstack = 0
   934                           ; Regs used in _configADC: [wreg-fsr0h+status,2+status,0]
   935                           ;configADC@fosc stored from wreg
   936  0013  00F5               	movwf	configADC@fosc
   937  0014                     l883:
   938                           
   939                           ;ADC.c: 9:     switch (fosc) {
   940  0014  282D               	goto	l895
   941  0015                     l885:
   942                           
   943                           ;ADC.c: 12:             ADCON0bits.ADCS = 0b00;
   944  0015  303F               	movlw	-193
   945  0016  1283               	bcf	3,5	;RP0=0, select bank0
   946  0017  1303               	bcf	3,6	;RP1=0, select bank0
   947  0018  059F               	andwf	31,f	;volatile
   948                           
   949                           ;ADC.c: 13:             break;
   950  0019  28AF               	goto	l931
   951  001A                     l887:
   952                           
   953                           ;ADC.c: 16:             ADCON0bits.ADCS = 0b01;
   954  001A  1283               	bcf	3,5	;RP0=0, select bank0
   955  001B  1303               	bcf	3,6	;RP1=0, select bank0
   956  001C  081F               	movf	31,w	;volatile
   957  001D  393F               	andlw	-193
   958  001E  3840               	iorlw	64
   959  001F  009F               	movwf	31	;volatile
   960                           
   961                           ;ADC.c: 17:             break;
   962  0020  28AF               	goto	l931
   963  0021                     l889:
   964                           
   965                           ;ADC.c: 20:             ADCON0bits.ADCS = 0b10;
   966  0021  1283               	bcf	3,5	;RP0=0, select bank0
   967  0022  1303               	bcf	3,6	;RP1=0, select bank0
   968  0023  081F               	movf	31,w	;volatile
   969  0024  393F               	andlw	-193
   970  0025  3880               	iorlw	128
   971  0026  009F               	movwf	31	;volatile
   972                           
   973                           ;ADC.c: 21:             break;
   974  0027  28AF               	goto	l931
   975  0028                     l891:
   976                           
   977                           ;ADC.c: 24:             ADCON0bits.ADCS = 0b11;
   978  0028  30C0               	movlw	192
   979  0029  1283               	bcf	3,5	;RP0=0, select bank0
   980  002A  1303               	bcf	3,6	;RP1=0, select bank0
   981  002B  049F               	iorwf	31,f	;volatile
   982                           
   983                           ;ADC.c: 25:             break;
   984  002C  28AF               	goto	l931
   985  002D                     l895:
   986  002D  0875               	movf	configADC@fosc,w
   987  002E  00F3               	movwf	??_configADC
   988  002F  01F4               	clrf	??_configADC+1
   989                           
   990                           ; Switch on 2 bytes has been partitioned into a top level switch of size 1, and 1 sub-sw
      +                          itches
   991                           ; Switch size 1, requested type "simple"
   992                           ; Number of cases is 1, Range of values is 0 to 0
   993                           ; switch strategies available:
   994                           ; Name         Instructions Cycles
   995                           ; simple_byte            4     3 (average)
   996                           ; direct_byte           11     8 (fixed)
   997                           ; jumptable            260     6 (fixed)
   998                           ;	Chosen strategy is simple_byte
   999  0030  0874               	movf	??_configADC+1,w
  1000  0031  3A00               	xorlw	0	; case 0
  1001  0032  1903               	skipnz
  1002  0033  2835               	goto	l1045
  1003  0034  28AF               	goto	l931
  1004  0035                     l1045:
  1005                           
  1006                           ; Switch size 1, requested type "simple"
  1007                           ; Number of cases is 4, Range of values is 0 to 3
  1008                           ; switch strategies available:
  1009                           ; Name         Instructions Cycles
  1010                           ; simple_byte           13     7 (average)
  1011                           ; direct_byte           20     8 (fixed)
  1012                           ; jumptable            260     6 (fixed)
  1013                           ;	Chosen strategy is simple_byte
  1014  0035  0873               	movf	??_configADC,w
  1015  0036  3A00               	xorlw	0	; case 0
  1016  0037  1903               	skipnz
  1017  0038  2815               	goto	l885
  1018  0039  3A01               	xorlw	1	; case 1
  1019  003A  1903               	skipnz
  1020  003B  281A               	goto	l887
  1021  003C  3A03               	xorlw	3	; case 2
  1022  003D  1903               	skipnz
  1023  003E  2821               	goto	l889
  1024  003F  3A01               	xorlw	1	; case 3
  1025  0040  1903               	skipnz
  1026  0041  2828               	goto	l891
  1027  0042  28AF               	goto	l931
  1028  0043                     l897:
  1029                           
  1030                           ;ADC.c: 30:             ADCON0bits.CHS = 0b0000;
  1031  0043  30C3               	movlw	-61
  1032  0044  1283               	bcf	3,5	;RP0=0, select bank0
  1033  0045  1303               	bcf	3,6	;RP1=0, select bank0
  1034  0046  059F               	andwf	31,f	;volatile
  1035                           
  1036                           ;ADC.c: 31:             break;
  1037  0047  28E9               	goto	l93
  1038  0048                     l899:
  1039                           
  1040                           ;ADC.c: 34:             ADCON0bits.CHS = 0b0001;
  1041  0048  1283               	bcf	3,5	;RP0=0, select bank0
  1042  0049  1303               	bcf	3,6	;RP1=0, select bank0
  1043  004A  081F               	movf	31,w	;volatile
  1044  004B  39C3               	andlw	-61
  1045  004C  3804               	iorlw	4
  1046  004D  009F               	movwf	31	;volatile
  1047                           
  1048                           ;ADC.c: 35:             break;
  1049  004E  28E9               	goto	l93
  1050  004F                     l901:
  1051                           
  1052                           ;ADC.c: 38:             ADCON0bits.CHS = 0b0010;
  1053  004F  1283               	bcf	3,5	;RP0=0, select bank0
  1054  0050  1303               	bcf	3,6	;RP1=0, select bank0
  1055  0051  081F               	movf	31,w	;volatile
  1056  0052  39C3               	andlw	-61
  1057  0053  3808               	iorlw	8
  1058  0054  009F               	movwf	31	;volatile
  1059                           
  1060                           ;ADC.c: 39:             break;
  1061  0055  28E9               	goto	l93
  1062  0056                     l903:
  1063                           
  1064                           ;ADC.c: 42:             ADCON0bits.CHS = 0b0011;
  1065  0056  1283               	bcf	3,5	;RP0=0, select bank0
  1066  0057  1303               	bcf	3,6	;RP1=0, select bank0
  1067  0058  081F               	movf	31,w	;volatile
  1068  0059  39C3               	andlw	-61
  1069  005A  380C               	iorlw	12
  1070  005B  009F               	movwf	31	;volatile
  1071                           
  1072                           ;ADC.c: 43:             break;
  1073  005C  28E9               	goto	l93
  1074  005D                     l905:
  1075                           
  1076                           ;ADC.c: 46:             ADCON0bits.CHS = 0b0100;
  1077  005D  1283               	bcf	3,5	;RP0=0, select bank0
  1078  005E  1303               	bcf	3,6	;RP1=0, select bank0
  1079  005F  081F               	movf	31,w	;volatile
  1080  0060  39C3               	andlw	-61
  1081  0061  3810               	iorlw	16
  1082  0062  009F               	movwf	31	;volatile
  1083                           
  1084                           ;ADC.c: 47:             break;
  1085  0063  28E9               	goto	l93
  1086  0064                     l907:
  1087                           
  1088                           ;ADC.c: 50:             ADCON0bits.CHS = 0b0101;
  1089  0064  1283               	bcf	3,5	;RP0=0, select bank0
  1090  0065  1303               	bcf	3,6	;RP1=0, select bank0
  1091  0066  081F               	movf	31,w	;volatile
  1092  0067  39C3               	andlw	-61
  1093  0068  3814               	iorlw	20
  1094  0069  009F               	movwf	31	;volatile
  1095                           
  1096                           ;ADC.c: 51:             break;
  1097  006A  28E9               	goto	l93
  1098  006B                     l909:
  1099                           
  1100                           ;ADC.c: 54:             ADCON0bits.CHS = 0b0110;
  1101  006B  1283               	bcf	3,5	;RP0=0, select bank0
  1102  006C  1303               	bcf	3,6	;RP1=0, select bank0
  1103  006D  081F               	movf	31,w	;volatile
  1104  006E  39C3               	andlw	-61
  1105  006F  3818               	iorlw	24
  1106  0070  009F               	movwf	31	;volatile
  1107                           
  1108                           ;ADC.c: 55:             break;
  1109  0071  28E9               	goto	l93
  1110  0072                     l911:
  1111                           
  1112                           ;ADC.c: 58:             ADCON0bits.CHS = 0b0111;
  1113  0072  1283               	bcf	3,5	;RP0=0, select bank0
  1114  0073  1303               	bcf	3,6	;RP1=0, select bank0
  1115  0074  081F               	movf	31,w	;volatile
  1116  0075  39C3               	andlw	-61
  1117  0076  381C               	iorlw	28
  1118  0077  009F               	movwf	31	;volatile
  1119                           
  1120                           ;ADC.c: 59:             break;
  1121  0078  28E9               	goto	l93
  1122  0079                     l913:
  1123                           
  1124                           ;ADC.c: 62:             ADCON0bits.CHS = 0b1000;
  1125  0079  1283               	bcf	3,5	;RP0=0, select bank0
  1126  007A  1303               	bcf	3,6	;RP1=0, select bank0
  1127  007B  081F               	movf	31,w	;volatile
  1128  007C  39C3               	andlw	-61
  1129  007D  3820               	iorlw	32
  1130  007E  009F               	movwf	31	;volatile
  1131                           
  1132                           ;ADC.c: 63:             break;
  1133  007F  28E9               	goto	l93
  1134  0080                     l915:
  1135                           
  1136                           ;ADC.c: 66:             ADCON0bits.CHS = 0b1001;
  1137  0080  1283               	bcf	3,5	;RP0=0, select bank0
  1138  0081  1303               	bcf	3,6	;RP1=0, select bank0
  1139  0082  081F               	movf	31,w	;volatile
  1140  0083  39C3               	andlw	-61
  1141  0084  3824               	iorlw	36
  1142  0085  009F               	movwf	31	;volatile
  1143                           
  1144                           ;ADC.c: 67:             break;
  1145  0086  28E9               	goto	l93
  1146  0087                     l917:
  1147                           
  1148                           ;ADC.c: 70:             ADCON0bits.CHS = 0b1010;
  1149  0087  1283               	bcf	3,5	;RP0=0, select bank0
  1150  0088  1303               	bcf	3,6	;RP1=0, select bank0
  1151  0089  081F               	movf	31,w	;volatile
  1152  008A  39C3               	andlw	-61
  1153  008B  3828               	iorlw	40
  1154  008C  009F               	movwf	31	;volatile
  1155                           
  1156                           ;ADC.c: 71:             break;
  1157  008D  28E9               	goto	l93
  1158  008E                     l919:
  1159                           
  1160                           ;ADC.c: 74:             ADCON0bits.CHS = 0b1011;
  1161  008E  1283               	bcf	3,5	;RP0=0, select bank0
  1162  008F  1303               	bcf	3,6	;RP1=0, select bank0
  1163  0090  081F               	movf	31,w	;volatile
  1164  0091  39C3               	andlw	-61
  1165  0092  382C               	iorlw	44
  1166  0093  009F               	movwf	31	;volatile
  1167                           
  1168                           ;ADC.c: 75:             break;
  1169  0094  28E9               	goto	l93
  1170  0095                     l921:
  1171                           
  1172                           ;ADC.c: 78:             ADCON0bits.CHS = 0b1100;
  1173  0095  1283               	bcf	3,5	;RP0=0, select bank0
  1174  0096  1303               	bcf	3,6	;RP1=0, select bank0
  1175  0097  081F               	movf	31,w	;volatile
  1176  0098  39C3               	andlw	-61
  1177  0099  3830               	iorlw	48
  1178  009A  009F               	movwf	31	;volatile
  1179                           
  1180                           ;ADC.c: 79:             break;
  1181  009B  28E9               	goto	l93
  1182  009C                     l923:
  1183                           
  1184                           ;ADC.c: 82:             ADCON0bits.CHS = 0b1101;
  1185  009C  1283               	bcf	3,5	;RP0=0, select bank0
  1186  009D  1303               	bcf	3,6	;RP1=0, select bank0
  1187  009E  081F               	movf	31,w	;volatile
  1188  009F  39C3               	andlw	-61
  1189  00A0  3834               	iorlw	52
  1190  00A1  009F               	movwf	31	;volatile
  1191                           
  1192                           ;ADC.c: 83:             break;
  1193  00A2  28E9               	goto	l93
  1194  00A3                     l925:
  1195                           
  1196                           ;ADC.c: 86:             ADCON0bits.CHS = 0b1110;
  1197  00A3  1283               	bcf	3,5	;RP0=0, select bank0
  1198  00A4  1303               	bcf	3,6	;RP1=0, select bank0
  1199  00A5  081F               	movf	31,w	;volatile
  1200  00A6  39C3               	andlw	-61
  1201  00A7  3838               	iorlw	56
  1202  00A8  009F               	movwf	31	;volatile
  1203                           
  1204                           ;ADC.c: 87:             break;
  1205  00A9  28E9               	goto	l93
  1206  00AA                     l927:
  1207                           
  1208                           ;ADC.c: 90:             ADCON0bits.CHS = 0b1111;
  1209  00AA  303C               	movlw	60
  1210  00AB  1283               	bcf	3,5	;RP0=0, select bank0
  1211  00AC  1303               	bcf	3,6	;RP1=0, select bank0
  1212  00AD  049F               	iorwf	31,f	;volatile
  1213                           
  1214                           ;ADC.c: 91:             break;
  1215  00AE  28E9               	goto	l93
  1216  00AF                     l931:
  1217  00AF  0872               	movf	configADC@chan,w
  1218  00B0  00F3               	movwf	??_configADC
  1219  00B1  01F4               	clrf	??_configADC+1
  1220                           
  1221                           ; Switch on 2 bytes has been partitioned into a top level switch of size 1, and 1 sub-sw
      +                          itches
  1222                           ; Switch size 1, requested type "simple"
  1223                           ; Number of cases is 1, Range of values is 0 to 0
  1224                           ; switch strategies available:
  1225                           ; Name         Instructions Cycles
  1226                           ; simple_byte            4     3 (average)
  1227                           ; direct_byte           11     8 (fixed)
  1228                           ; jumptable            260     6 (fixed)
  1229                           ;	Chosen strategy is simple_byte
  1230  00B2  0874               	movf	??_configADC+1,w
  1231  00B3  3A00               	xorlw	0	; case 0
  1232  00B4  1903               	skipnz
  1233  00B5  28B7               	goto	l1047
  1234  00B6  28E9               	goto	l93
  1235  00B7                     l1047:
  1236                           
  1237                           ; Switch size 1, requested type "simple"
  1238                           ; Number of cases is 16, Range of values is 0 to 15
  1239                           ; switch strategies available:
  1240                           ; Name         Instructions Cycles
  1241                           ; simple_byte           49    25 (average)
  1242                           ; direct_byte           56     8 (fixed)
  1243                           ; jumptable            260     6 (fixed)
  1244                           ;	Chosen strategy is simple_byte
  1245  00B7  0873               	movf	??_configADC,w
  1246  00B8  3A00               	xorlw	0	; case 0
  1247  00B9  1903               	skipnz
  1248  00BA  2843               	goto	l897
  1249  00BB  3A01               	xorlw	1	; case 1
  1250  00BC  1903               	skipnz
  1251  00BD  2848               	goto	l899
  1252  00BE  3A03               	xorlw	3	; case 2
  1253  00BF  1903               	skipnz
  1254  00C0  284F               	goto	l901
  1255  00C1  3A01               	xorlw	1	; case 3
  1256  00C2  1903               	skipnz
  1257  00C3  2856               	goto	l903
  1258  00C4  3A07               	xorlw	7	; case 4
  1259  00C5  1903               	skipnz
  1260  00C6  285D               	goto	l905
  1261  00C7  3A01               	xorlw	1	; case 5
  1262  00C8  1903               	skipnz
  1263  00C9  2864               	goto	l907
  1264  00CA  3A03               	xorlw	3	; case 6
  1265  00CB  1903               	skipnz
  1266  00CC  286B               	goto	l909
  1267  00CD  3A01               	xorlw	1	; case 7
  1268  00CE  1903               	skipnz
  1269  00CF  2872               	goto	l911
  1270  00D0  3A0F               	xorlw	15	; case 8
  1271  00D1  1903               	skipnz
  1272  00D2  2879               	goto	l913
  1273  00D3  3A01               	xorlw	1	; case 9
  1274  00D4  1903               	skipnz
  1275  00D5  2880               	goto	l915
  1276  00D6  3A03               	xorlw	3	; case 10
  1277  00D7  1903               	skipnz
  1278  00D8  2887               	goto	l917
  1279  00D9  3A01               	xorlw	1	; case 11
  1280  00DA  1903               	skipnz
  1281  00DB  288E               	goto	l919
  1282  00DC  3A07               	xorlw	7	; case 12
  1283  00DD  1903               	skipnz
  1284  00DE  2895               	goto	l921
  1285  00DF  3A01               	xorlw	1	; case 13
  1286  00E0  1903               	skipnz
  1287  00E1  289C               	goto	l923
  1288  00E2  3A03               	xorlw	3	; case 14
  1289  00E3  1903               	skipnz
  1290  00E4  28A3               	goto	l925
  1291  00E5  3A01               	xorlw	1	; case 15
  1292  00E6  1903               	skipnz
  1293  00E7  28AA               	goto	l927
  1294  00E8  28E9               	goto	l93
  1295  00E9                     l93:
  1296                           
  1297                           ;ADC.c: 95:     ADCON0bits.GO = 1;
  1298  00E9  1283               	bcf	3,5	;RP0=0, select bank0
  1299  00EA  1303               	bcf	3,6	;RP1=0, select bank0
  1300  00EB  149F               	bsf	31,1	;volatile
  1301                           
  1302                           ;ADC.c: 96:     ADCON0bits.ADON = 1;
  1303  00EC  141F               	bsf	31,0	;volatile
  1304  00ED                     l109:
  1305  00ED  0008               	return
  1306  00EE                     __end_of_configADC:
  1307                           
  1308                           	psect	text4
  1309  0176                     __ptext4:	
  1310 ;; *************** function _isr *****************
  1311 ;; Defined at:
  1312 ;;		line 52 in file "L2.c"
  1313 ;; Parameters:    Size  Location     Type
  1314 ;;		None
  1315 ;; Auto vars:     Size  Location     Type
  1316 ;;		None
  1317 ;; Return value:  Size  Location     Type
  1318 ;;                  1    wreg      void 
  1319 ;; Registers used:
  1320 ;;		wreg
  1321 ;; Tracked objects:
  1322 ;;		On entry : 0/0
  1323 ;;		On exit  : 0/0
  1324 ;;		Unchanged: 0/0
  1325 ;; Data sizes:     COMMON   BANK0   BANK1   BANK3   BANK2
  1326 ;;      Params:         0       0       0       0       0
  1327 ;;      Locals:         0       0       0       0       0
  1328 ;;      Temps:          2       0       0       0       0
  1329 ;;      Totals:         2       0       0       0       0
  1330 ;;Total ram usage:        2 bytes
  1331 ;; Hardware stack levels used:    1
  1332 ;; This function calls:
  1333 ;;		Nothing
  1334 ;; This function is called by:
  1335 ;;		Interrupt level 1
  1336 ;; This function uses a non-reentrant model
  1337 ;;
  1338                           
  1339                           
  1340                           ;psect for function _isr
  1341  0176                     _isr:
  1342  0176                     i1l809:
  1343                           
  1344                           ;L2.c: 54:     if (T0IF == 1){
  1345  0176  1D0B               	btfss	11,2	;volatile
  1346  0177  2979               	goto	u1_21
  1347  0178  297A               	goto	u1_20
  1348  0179                     u1_21:
  1349  0179  297F               	goto	i1l815
  1350  017A                     u1_20:
  1351  017A                     i1l811:
  1352                           
  1353                           ;L2.c: 55:         TMR0 = 236;
  1354  017A  30EC               	movlw	236
  1355  017B  1283               	bcf	3,5	;RP0=0, select bank0
  1356  017C  1303               	bcf	3,6	;RP1=0, select bank0
  1357  017D  0081               	movwf	1	;volatile
  1358  017E                     i1l813:
  1359                           
  1360                           ;L2.c: 56:         T0IF = 0;
  1361  017E  110B               	bcf	11,2	;volatile
  1362  017F                     i1l815:
  1363                           
  1364                           ;L2.c: 61:     if (ADIF == 1){
  1365  017F  1283               	bcf	3,5	;RP0=0, select bank0
  1366  0180  1303               	bcf	3,6	;RP1=0, select bank0
  1367  0181  1F0C               	btfss	12,6	;volatile
  1368  0182  2984               	goto	u2_21
  1369  0183  2985               	goto	u2_20
  1370  0184                     u2_21:
  1371  0184  2988               	goto	i1l53
  1372  0185                     u2_20:
  1373  0185                     i1l817:
  1374                           
  1375                           ;L2.c: 63:         PORTB = ADRESH;
  1376  0185  081E               	movf	30,w	;volatile
  1377  0186  0086               	movwf	6	;volatile
  1378  0187                     i1l819:
  1379                           
  1380                           ;L2.c: 64:         ADIF = 0;
  1381  0187  130C               	bcf	12,6	;volatile
  1382  0188                     i1l53:
  1383  0188  0871               	movf	??_isr+1,w
  1384  0189  008A               	movwf	10
  1385  018A  0E70               	swapf	??_isr^(0+4294967168),w
  1386  018B  0083               	movwf	3
  1387  018C  0EFE               	swapf	btemp,f
  1388  018D  0E7E               	swapf	btemp,w
  1389  018E  0009               	retfie
  1390  018F                     __end_of_isr:
  1391  007E                     btemp	set	126	;btemp
  1392  007E                     wtemp0	set	126
  1393                           
  1394                           	psect	intentry
  1395  0004                     __pintentry:	
  1396                           ;incstack = 0
  1397                           ; Regs used in _isr: [wreg]
  1398                           
  1399  0004                     interrupt_function:
  1400  007E                     saved_w	set	btemp
  1401  0004  00FE               	movwf	btemp
  1402  0005  0E03               	swapf	3,w
  1403  0006  00F0               	movwf	??_isr
  1404  0007  080A               	movf	10,w
  1405  0008  00F1               	movwf	??_isr+1
  1406  0009  120A  118A  2976   	ljmp	_isr
  1407                           
  1408                           	psect	config
  1409                           
  1410                           ;Config register CONFIG1 @ 0x2007
  1411                           ;	Oscillator Selection bits
  1412                           ;	FOSC = INTRC_NOCLKOUT, INTOSCIO oscillator: I/O function on RA6/OSC2/CLKOUT pin, I/O f
      +                          unction on RA7/OSC1/CLKIN
  1413                           ;	Watchdog Timer Enable bit
  1414                           ;	WDTE = OFF, WDT disabled and can be enabled by SWDTEN bit of the WDTCON register
  1415                           ;	Power-up Timer Enable bit
  1416                           ;	PWRTE = OFF, PWRT disabled
  1417                           ;	RE3/MCLR pin function select bit
  1418                           ;	MCLRE = OFF, RE3/MCLR pin function is digital input, MCLR internally tied to VDD
  1419                           ;	Code Protection bit
  1420                           ;	CP = OFF, Program memory code protection is disabled
  1421                           ;	Data Code Protection bit
  1422                           ;	CPD = OFF, Data memory code protection is disabled
  1423                           ;	Brown Out Reset Selection bits
  1424                           ;	BOREN = OFF, BOR disabled
  1425                           ;	Internal External Switchover bit
  1426                           ;	IESO = OFF, Internal/External Switchover mode is disabled
  1427                           ;	Fail-Safe Clock Monitor Enabled bit
  1428                           ;	FCMEN = OFF, Fail-Safe Clock Monitor is disabled
  1429                           ;	Low Voltage Programming Enable bit
  1430                           ;	LVP = OFF, RB3 pin has digital I/O, HV on MCLR must be used for programming
  1431                           ;	In-Circuit Debugger Mode bit
  1432                           ;	DEBUG = 0x1, unprogrammed default
  1433  2007                     	org	8199
  1434  2007  20D4               	dw	8404
  1435                           
  1436                           ;Config register CONFIG2 @ 0x2008
  1437                           ;	Brown-out Reset Selection bit
  1438                           ;	BOR4V = BOR40V, Brown-out Reset set to 4.0V
  1439                           ;	Flash Program Memory Self Write Enable bits
  1440                           ;	WRT = OFF, Write protection off
  1441  2008                     	org	8200
  1442  2008  3FFF               	dw	16383

Data Sizes:
    Strings     0
    Constant    0
    Data        0
    BSS         0
    Persistent  0
    Stack       0

Auto Spaces:
    Space          Size  Autos    Used
    COMMON           14      6       6
    BANK0            80      0       0
    BANK1            80      0       0
    BANK3            96      0       0
    BANK2            96      0       0

Pointer List with Targets:

    None.

Critical Paths under _main in COMMON

    _Setup->_configADC

Critical Paths under _isr in COMMON

    None.

Critical Paths under _main in BANK0

    None.

Critical Paths under _isr in BANK0

    None.

Critical Paths under _main in BANK1

    None.

Critical Paths under _isr in BANK1

    None.

Critical Paths under _main in BANK3

    None.

Critical Paths under _isr in BANK3

    None.

Critical Paths under _main in BANK2

    None.

Critical Paths under _isr in BANK2

    None.

Call Graph Tables:

 ---------------------------------------------------------------------------------
 (Depth) Function   	        Calls       Base Space   Used Autos Params    Refs
 ---------------------------------------------------------------------------------
 (0) _main                                                 0     0      0     135
                              _Setup
 ---------------------------------------------------------------------------------
 (1) _Setup                                                0     0      0     135
                          _configADC
                            _initOsc
 ---------------------------------------------------------------------------------
 (2) _initOsc                                              3     3      0      15
                                              2 COMMON     3     3      0
 ---------------------------------------------------------------------------------
 (2) _configADC                                            4     3      1     120
                                              2 COMMON     4     3      1
 ---------------------------------------------------------------------------------
 Estimated maximum stack depth 2
 ---------------------------------------------------------------------------------
 (Depth) Function   	        Calls       Base Space   Used Autos Params    Refs
 ---------------------------------------------------------------------------------
 (3) _isr                                                  2     2      0       0
                                              0 COMMON     2     2      0
 ---------------------------------------------------------------------------------
 Estimated maximum stack depth 3
 ---------------------------------------------------------------------------------

 Call Graph Graphs:

 _main (ROOT)
   _Setup
     _configADC
     _initOsc

 _isr (ROOT)

 Address spaces:
Name               Size   Autos  Total    Cost      Usage
BITCOMMON            E      0       0       0        0.0%
EEDATA             100      0       0       0        0.0%
NULL                 0      0       0       0        0.0%
CODE                 0      0       0       0        0.0%
COMMON               E      6       6       1       42.9%
BITSFR0              0      0       0       1        0.0%
SFR0                 0      0       0       1        0.0%
BITSFR1              0      0       0       2        0.0%
SFR1                 0      0       0       2        0.0%
STACK                0      0       0       2        0.0%
ABS                  0      0       0       3        0.0%
BITBANK0            50      0       0       4        0.0%
BITSFR3              0      0       0       4        0.0%
SFR3                 0      0       0       4        0.0%
BANK0               50      0       0       5        0.0%
BITSFR2              0      0       0       5        0.0%
SFR2                 0      0       0       5        0.0%
BITBANK1            50      0       0       6        0.0%
BANK1               50      0       0       7        0.0%
BITBANK3            60      0       0       8        0.0%
BANK3               60      0       0       9        0.0%
BITBANK2            60      0       0      10        0.0%
BANK2               60      0       0      11        0.0%
DATA                 0      0       0      12        0.0%


Microchip Technology PIC Macro Assembler V2.20 build 20200408173844 
Symbol Table                                                                                   Tue Feb 02 18:36:02 2021

                     l70 00F0                       l71 0148                       l80 0149  
                     l72 00F6                       l64 0175                       l73 00FC  
                     l74 0102                       l58 0194                       l75 0108  
                     l59 0194                       l76 010E                       l93 00E9  
                     l77 0114                       l78 011A                       l79 0120  
                    l109 00ED                      l701 00EF                      l705 0126  
                    l901 004F                      l911 0072                      l903 0056  
                    l921 0095                      l913 0079                      l905 005D  
                    l923 009C                      l915 0080                      l907 0064  
                    l931 00AF                      l925 00A3                      l917 0087  
                    l909 006B                      l941 014A                      l927 00AA  
                    l919 008E                      l951 0160                      l943 0157  
                    l961 0168                      l953 0161                      l945 015B  
                    l891 0028                      l883 0014                      l971 016E  
                    l963 0169                      l955 0162                      l947 015C  
                    l885 0015                      l973 016F                      l965 016A  
                    l957 0163                      l949 015F                      l981 018F  
                    l887 001A                      l895 002D                      l975 0170  
                    l967 016B                      l959 0167                      l897 0043  
                    l889 0021                      l977 0171                      l969 016D  
                    l899 0048                      l979 0172                      _isr 0176  
                   l1043 012E                     l1045 0035                     l1047 00B7  
                   _ADIF 0066                     ?_isr 0070                     _T0IF 005A  
                   i1l53 0188                     _TMR0 0001                     u1_20 017A  
                   u1_21 0179                     u2_20 0185                     u2_21 0184  
                   _main 018F                     btemp 007E                     start 000C  
                  ??_isr 0070                    ?_main 0070                    _ANSEL 0188  
                  i1l811 017A                    i1l813 017E                    i1l815 017F  
                  i1l817 0185                    i1l809 0176                    i1l819 0187  
                  _PORTA 0005                    _PORTB 0006                    _PORTC 0007  
                  _PORTD 0008                    _PORTE 0009                    _TRISA 0085  
                  _TRISB 0086                    _TRISC 0087                    _TRISD 0088  
                  _TRISE 0089                    _Setup 014A          __end_of_initOsc 014A  
                  pclath 000A                    status 0003                    wtemp0 007E  
        __initialization 000F             __end_of_main 0198                   ??_main 0076  
                 ?_Setup 0070                   _ADRESH 001E              initOsc@IRCF 0074  
                 _ANSELH 0189                ??_initOsc 0072                   saved_w 007E  
__end_of__initialization 000F           __pcstackCOMMON 0070            __end_of_Setup 0176  
     __size_of_configADC 00DB                  ??_Setup 0076               __pmaintext 018F  
             __pintentry 0004        __end_of_configADC 00EE                  __ptext1 014A  
                __ptext2 00EE                  __ptext3 0013                  __ptext4 0176  
                _initOsc 00EE             __size_of_isr 0019     end_of_initialization 000F  
    start_initialization 000F              __end_of_isr 018F                ___latbits 0002  
              _configADC 0013                 ?_initOsc 0070           __size_of_Setup 002C  
      interrupt_function 0004                 _PIE1bits 008C                 _PIR1bits 000C  
             ?_configADC 0072               _ADCON0bits 001F         __size_of_initOsc 005C  
          __size_of_main 0009              ??_configADC 0073               _INTCONbits 000B  
               intlevel1 0000               _OSCCONbits 008F               _OPTION_REG 0081  
          configADC@chan 0072            configADC@fosc 0075  
